<?xml version="1.0" encoding="UTF-8"?>
<coverage generated="1588080418973" clover="3.2.0">
  <project timestamp="1588080418973" name="All files">
    <metrics statements="379" coveredstatements="293" conditionals="64" coveredconditionals="39" methods="150" coveredmethods="121" elements="593" coveredelements="453" complexity="0" loc="379" ncloc="379" packages="16" files="27" classes="27"/>
    <package name="actions">
      <metrics statements="25" coveredstatements="25" conditionals="0" coveredconditionals="0" methods="12" coveredmethods="11"/>
      <file name="app.ts" path="/Users/absaarhasan/Sites/proto/proto_TEMP/src/actions/app.ts">
        <metrics statements="4" coveredstatements="4" conditionals="0" coveredconditionals="0" methods="4" coveredmethods="4"/>
        <line num="10" count="45" type="stmt"/>
        <line num="15" count="45" type="stmt"/>
        <line num="20" count="10" type="stmt"/>
        <line num="25" count="21" type="stmt"/>
      </file>
      <file name="auth.ts" path="/Users/absaarhasan/Sites/proto/proto_TEMP/src/actions/auth.ts">
        <metrics statements="8" coveredstatements="8" conditionals="0" coveredconditionals="0" methods="8" coveredmethods="7"/>
        <line num="16" count="10" type="stmt"/>
        <line num="21" count="10" type="stmt"/>
        <line num="25" count="10" type="stmt"/>
        <line num="30" count="10" type="stmt"/>
        <line num="35" count="10" type="stmt"/>
        <line num="40" count="19" type="stmt"/>
        <line num="44" count="10" type="stmt"/>
        <line num="49" count="10" type="stmt"/>
      </file>
      <file name="constants.ts" path="/Users/absaarhasan/Sites/proto/proto_TEMP/src/actions/constants.ts">
        <metrics statements="13" coveredstatements="13" conditionals="0" coveredconditionals="0" methods="0" coveredmethods="0"/>
        <line num="1" count="10" type="stmt"/>
        <line num="2" count="10" type="stmt"/>
        <line num="3" count="10" type="stmt"/>
        <line num="4" count="10" type="stmt"/>
        <line num="5" count="10" type="stmt"/>
        <line num="6" count="10" type="stmt"/>
        <line num="7" count="10" type="stmt"/>
        <line num="8" count="10" type="stmt"/>
        <line num="9" count="10" type="stmt"/>
        <line num="10" count="10" type="stmt"/>
        <line num="11" count="10" type="stmt"/>
        <line num="12" count="10" type="stmt"/>
        <line num="13" count="10" type="stmt"/>
      </file>
    </package>
    <package name="components.alert">
      <metrics statements="20" coveredstatements="17" conditionals="6" coveredconditionals="5" methods="9" coveredmethods="8"/>
      <file name="index.tsx" path="/Users/absaarhasan/Sites/proto/proto_TEMP/src/components/alert/index.tsx">
        <metrics statements="10" coveredstatements="10" conditionals="0" coveredconditionals="0" methods="7" coveredmethods="7"/>
        <line num="19" count="6" type="stmt"/>
        <line num="20" count="6" type="stmt"/>
        <line num="24" count="2" type="stmt"/>
        <line num="25" count="2" type="stmt"/>
        <line num="33" count="8" type="stmt"/>
        <line num="36" count="8" type="stmt"/>
        <line num="50" count="2" type="stmt"/>
        <line num="61" count="8" type="stmt"/>
        <line num="65" count="6" type="stmt"/>
        <line num="66" count="2" type="stmt"/>
      </file>
      <file name="style.less" path="/Users/absaarhasan/Sites/proto/proto_TEMP/src/components/alert/style.less">
        <metrics statements="10" coveredstatements="7" conditionals="6" coveredconditionals="5" methods="2" coveredmethods="1"/>
        <line num="4" count="1" type="stmt"/>
        <line num="6" count="1" type="cond" truecount="3" falsecount="1"/>
        <line num="7" count="1" type="stmt"/>
        <line num="10" count="1" type="stmt"/>
        <line num="12" count="33" type="cond" truecount="2" falsecount="0"/>
        <line num="13" count="32" type="stmt"/>
        <line num="15" count="1" type="stmt"/>
        <line num="19" count="0" type="stmt"/>
        <line num="23" count="0" type="stmt"/>
        <line num="26" count="0" type="stmt"/>
      </file>
    </package>
    <package name="components.forgotPassword">
      <metrics statements="27" coveredstatements="23" conditionals="2" coveredconditionals="1" methods="15" coveredmethods="12"/>
      <file name="index.tsx" path="/Users/absaarhasan/Sites/proto/proto_TEMP/src/components/forgotPassword/index.tsx">
        <metrics statements="27" coveredstatements="23" conditionals="2" coveredconditionals="1" methods="15" coveredmethods="12"/>
        <line num="24" count="3" type="stmt"/>
        <line num="26" count="3" type="stmt"/>
        <line num="29" count="3" type="stmt"/>
        <line num="30" count="3" type="stmt"/>
        <line num="34" count="3" type="stmt"/>
        <line num="35" count="3" type="stmt"/>
        <line num="39" count="2" type="stmt"/>
        <line num="40" count="2" type="cond" truecount="1" falsecount="1"/>
        <line num="41" count="0" type="stmt"/>
        <line num="46" count="3" type="stmt"/>
        <line num="47" count="3" type="stmt"/>
        <line num="51" count="0" type="stmt"/>
        <line num="55" count="1" type="stmt"/>
        <line num="56" count="1" type="stmt"/>
        <line num="58" count="1" type="stmt"/>
        <line num="59" count="1" type="stmt"/>
        <line num="63" count="5" type="stmt"/>
        <line num="64" count="5" type="stmt"/>
        <line num="66" count="5" type="stmt"/>
        <line num="76" count="0" type="stmt"/>
        <line num="83" count="1" type="stmt"/>
        <line num="94" count="11" type="stmt"/>
        <line num="99" count="3" type="stmt"/>
        <line num="100" count="3" type="stmt"/>
        <line num="101" count="1" type="stmt"/>
        <line num="102" count="3" type="stmt"/>
        <line num="103" count="0" type="stmt"/>
      </file>
    </package>
    <package name="components.home">
      <metrics statements="11" coveredstatements="11" conditionals="0" coveredconditionals="0" methods="8" coveredmethods="8"/>
      <file name="index.tsx" path="/Users/absaarhasan/Sites/proto/proto_TEMP/src/components/home/index.tsx">
        <metrics statements="11" coveredstatements="11" conditionals="0" coveredconditionals="0" methods="8" coveredmethods="8"/>
        <line num="19" count="1" type="stmt"/>
        <line num="21" count="1" type="stmt"/>
        <line num="25" count="1" type="stmt"/>
        <line num="26" count="1" type="stmt"/>
        <line num="30" count="1" type="stmt"/>
        <line num="31" count="1" type="stmt"/>
        <line num="35" count="1" type="stmt"/>
        <line num="43" count="2" type="stmt"/>
        <line num="47" count="1" type="stmt"/>
        <line num="48" count="1" type="stmt"/>
        <line num="49" count="1" type="stmt"/>
      </file>
    </package>
    <package name="components.loader">
      <metrics statements="14" coveredstatements="11" conditionals="7" coveredconditionals="5" methods="5" coveredmethods="4"/>
      <file name="index.tsx" path="/Users/absaarhasan/Sites/proto/proto_TEMP/src/components/loader/index.tsx">
        <metrics statements="4" coveredstatements="4" conditionals="1" coveredconditionals="0" methods="3" coveredmethods="3"/>
        <line num="19" count="1" type="cond" truecount="0" falsecount="1"/>
        <line num="21" count="1" type="stmt"/>
        <line num="33" count="1" type="stmt"/>
        <line num="37" count="1" type="stmt"/>
      </file>
      <file name="style.less" path="/Users/absaarhasan/Sites/proto/proto_TEMP/src/components/loader/style.less">
        <metrics statements="10" coveredstatements="7" conditionals="6" coveredconditionals="5" methods="2" coveredmethods="1"/>
        <line num="4" count="1" type="stmt"/>
        <line num="6" count="1" type="cond" truecount="3" falsecount="1"/>
        <line num="7" count="1" type="stmt"/>
        <line num="10" count="1" type="stmt"/>
        <line num="12" count="3" type="cond" truecount="2" falsecount="0"/>
        <line num="13" count="2" type="stmt"/>
        <line num="15" count="1" type="stmt"/>
        <line num="19" count="0" type="stmt"/>
        <line num="23" count="0" type="stmt"/>
        <line num="26" count="0" type="stmt"/>
      </file>
    </package>
    <package name="components.login">
      <metrics statements="29" coveredstatements="22" conditionals="2" coveredconditionals="2" methods="18" coveredmethods="12"/>
      <file name="index.tsx" path="/Users/absaarhasan/Sites/proto/proto_TEMP/src/components/login/index.tsx">
        <metrics statements="29" coveredstatements="22" conditionals="2" coveredconditionals="2" methods="18" coveredmethods="12"/>
        <line num="25" count="6" type="stmt"/>
        <line num="27" count="6" type="stmt"/>
        <line num="31" count="6" type="stmt"/>
        <line num="32" count="6" type="stmt"/>
        <line num="33" count="6" type="stmt"/>
        <line num="37" count="6" type="stmt"/>
        <line num="38" count="6" type="stmt"/>
        <line num="44" count="6" type="stmt"/>
        <line num="45" count="6" type="stmt"/>
        <line num="49" count="0" type="stmt"/>
        <line num="53" count="1" type="stmt"/>
        <line num="54" count="1" type="stmt"/>
        <line num="56" count="1" type="stmt"/>
        <line num="61" count="1" type="stmt"/>
        <line num="65" count="0" type="stmt"/>
        <line num="66" count="0" type="stmt"/>
        <line num="70" count="8" type="stmt"/>
        <line num="71" count="8" type="stmt"/>
        <line num="73" count="8" type="stmt"/>
        <line num="82" count="0" type="stmt"/>
        <line num="98" count="0" type="stmt"/>
        <line num="108" count="0" type="stmt"/>
        <line num="115" count="1" type="stmt"/>
        <line num="131" count="17" type="stmt"/>
        <line num="136" count="6" type="stmt"/>
        <line num="137" count="6" type="stmt"/>
        <line num="138" count="1" type="stmt"/>
        <line num="139" count="0" type="stmt"/>
        <line num="140" count="6" type="stmt"/>
      </file>
    </package>
    <package name="components.nav">
      <metrics statements="12" coveredstatements="9" conditionals="6" coveredconditionals="5" methods="3" coveredmethods="2"/>
      <file name="index.tsx" path="/Users/absaarhasan/Sites/proto/proto_TEMP/src/components/nav/index.tsx">
        <metrics statements="2" coveredstatements="2" conditionals="0" coveredconditionals="0" methods="1" coveredmethods="1"/>
        <line num="5" count="1" type="stmt"/>
        <line num="6" count="1" type="stmt"/>
      </file>
      <file name="style.less" path="/Users/absaarhasan/Sites/proto/proto_TEMP/src/components/nav/style.less">
        <metrics statements="10" coveredstatements="7" conditionals="6" coveredconditionals="5" methods="2" coveredmethods="1"/>
        <line num="4" count="1" type="stmt"/>
        <line num="6" count="1" type="cond" truecount="3" falsecount="1"/>
        <line num="7" count="1" type="stmt"/>
        <line num="10" count="1" type="stmt"/>
        <line num="12" count="2" type="cond" truecount="2" falsecount="0"/>
        <line num="13" count="1" type="stmt"/>
        <line num="15" count="1" type="stmt"/>
        <line num="19" count="0" type="stmt"/>
        <line num="23" count="0" type="stmt"/>
        <line num="26" count="0" type="stmt"/>
      </file>
    </package>
    <package name="components.register">
      <metrics statements="30" coveredstatements="28" conditionals="2" coveredconditionals="1" methods="18" coveredmethods="17"/>
      <file name="index.tsx" path="/Users/absaarhasan/Sites/proto/proto_TEMP/src/components/register/index.tsx">
        <metrics statements="30" coveredstatements="28" conditionals="2" coveredconditionals="1" methods="18" coveredmethods="17"/>
        <line num="27" count="4" type="stmt"/>
        <line num="29" count="4" type="stmt"/>
        <line num="35" count="4" type="stmt"/>
        <line num="36" count="4" type="stmt"/>
        <line num="40" count="4" type="stmt"/>
        <line num="41" count="4" type="stmt"/>
        <line num="45" count="6" type="stmt"/>
        <line num="46" count="6" type="cond" truecount="1" falsecount="1"/>
        <line num="47" count="0" type="stmt"/>
        <line num="52" count="4" type="stmt"/>
        <line num="53" count="4" type="stmt"/>
        <line num="57" count="4" type="stmt"/>
        <line num="61" count="1" type="stmt"/>
        <line num="64" count="1" type="stmt"/>
        <line num="66" count="1" type="stmt"/>
        <line num="79" count="1" type="stmt"/>
        <line num="83" count="10" type="stmt"/>
        <line num="86" count="10" type="stmt"/>
        <line num="88" count="10" type="stmt"/>
        <line num="98" count="1" type="stmt"/>
        <line num="108" count="1" type="stmt"/>
        <line num="119" count="1" type="stmt"/>
        <line num="130" count="1" type="stmt"/>
        <line num="138" count="1" type="stmt"/>
        <line num="148" count="13" type="stmt"/>
        <line num="153" count="4" type="stmt"/>
        <line num="154" count="4" type="stmt"/>
        <line num="155" count="1" type="stmt"/>
        <line num="156" count="4" type="stmt"/>
        <line num="157" count="0" type="stmt"/>
      </file>
    </package>
    <package name="components.verifyPassword">
      <metrics statements="29" coveredstatements="27" conditionals="2" coveredconditionals="1" methods="17" coveredmethods="16"/>
      <file name="index.tsx" path="/Users/absaarhasan/Sites/proto/proto_TEMP/src/components/verifyPassword/index.tsx">
        <metrics statements="29" coveredstatements="27" conditionals="2" coveredconditionals="1" methods="17" coveredmethods="16"/>
        <line num="27" count="4" type="stmt"/>
        <line num="29" count="4" type="stmt"/>
        <line num="34" count="4" type="stmt"/>
        <line num="35" count="4" type="stmt"/>
        <line num="39" count="4" type="stmt"/>
        <line num="40" count="4" type="stmt"/>
        <line num="44" count="5" type="stmt"/>
        <line num="45" count="5" type="cond" truecount="1" falsecount="1"/>
        <line num="46" count="0" type="stmt"/>
        <line num="51" count="4" type="stmt"/>
        <line num="52" count="4" type="stmt"/>
        <line num="56" count="3" type="stmt"/>
        <line num="60" count="1" type="stmt"/>
        <line num="61" count="1" type="stmt"/>
        <line num="63" count="1" type="stmt"/>
        <line num="69" count="1" type="stmt"/>
        <line num="73" count="9" type="stmt"/>
        <line num="74" count="9" type="stmt"/>
        <line num="76" count="9" type="stmt"/>
        <line num="86" count="1" type="stmt"/>
        <line num="96" count="1" type="stmt"/>
        <line num="106" count="1" type="stmt"/>
        <line num="114" count="1" type="stmt"/>
        <line num="126" count="13" type="stmt"/>
        <line num="131" count="4" type="stmt"/>
        <line num="132" count="4" type="stmt"/>
        <line num="133" count="1" type="stmt"/>
        <line num="134" count="4" type="stmt"/>
        <line num="135" count="0" type="stmt"/>
      </file>
    </package>
    <package name="constants">
      <metrics statements="2" coveredstatements="2" conditionals="0" coveredconditionals="0" methods="0" coveredmethods="0"/>
      <file name="awsConfig.ts" path="/Users/absaarhasan/Sites/proto/proto_TEMP/src/constants/awsConfig.ts">
        <metrics statements="1" coveredstatements="1" conditionals="0" coveredconditionals="0" methods="0" coveredmethods="0"/>
        <line num="7" count="10" type="stmt"/>
      </file>
      <file name="notice.ts" path="/Users/absaarhasan/Sites/proto/proto_TEMP/src/constants/notice.ts">
        <metrics statements="1" coveredstatements="1" conditionals="0" coveredconditionals="0" methods="0" coveredmethods="0"/>
        <line num="1" count="10" type="stmt"/>
      </file>
    </package>
    <package name="reducers">
      <metrics statements="25" coveredstatements="23" conditionals="15" coveredconditionals="13" methods="5" coveredmethods="5"/>
      <file name="app.ts" path="/Users/absaarhasan/Sites/proto/proto_TEMP/src/reducers/app.ts">
        <metrics statements="6" coveredstatements="6" conditionals="4" coveredconditionals="4" methods="1" coveredmethods="1"/>
        <line num="5" count="10" type="stmt"/>
        <line num="10" count="10" type="cond" truecount="1" falsecount="0"/>
        <line num="11" count="241" type="cond" truecount="3" falsecount="0"/>
        <line num="13" count="45" type="stmt"/>
        <line num="18" count="45" type="stmt"/>
        <line num="23" count="151" type="stmt"/>
      </file>
      <file name="entities.ts" path="/Users/absaarhasan/Sites/proto/proto_TEMP/src/reducers/entities.ts">
        <metrics statements="5" coveredstatements="4" conditionals="3" coveredconditionals="2" methods="1" coveredmethods="1"/>
        <line num="4" count="10" type="stmt"/>
        <line num="8" count="10" type="cond" truecount="1" falsecount="0"/>
        <line num="9" count="238" type="cond" truecount="1" falsecount="1"/>
        <line num="11" count="0" type="stmt"/>
        <line num="16" count="238" type="stmt"/>
      </file>
      <file name="index.ts" path="/Users/absaarhasan/Sites/proto/proto_TEMP/src/reducers/index.ts">
        <metrics statements="1" coveredstatements="1" conditionals="0" coveredconditionals="0" methods="1" coveredmethods="1"/>
        <line num="9" count="26" type="stmt"/>
      </file>
      <file name="notifications.ts" path="/Users/absaarhasan/Sites/proto/proto_TEMP/src/reducers/notifications.ts">
        <metrics statements="7" coveredstatements="7" conditionals="4" coveredconditionals="4" methods="1" coveredmethods="1"/>
        <line num="5" count="10" type="stmt"/>
        <line num="11" count="10" type="cond" truecount="1" falsecount="0"/>
        <line num="12" count="241" type="stmt"/>
        <line num="13" count="241" type="cond" truecount="3" falsecount="0"/>
        <line num="15" count="5" type="stmt"/>
        <line num="22" count="21" type="stmt"/>
        <line num="29" count="215" type="stmt"/>
      </file>
      <file name="session.ts" path="/Users/absaarhasan/Sites/proto/proto_TEMP/src/reducers/session.ts">
        <metrics statements="6" coveredstatements="5" conditionals="4" coveredconditionals="3" methods="1" coveredmethods="1"/>
        <line num="4" count="10" type="stmt"/>
        <line num="11" count="10" type="cond" truecount="1" falsecount="0"/>
        <line num="12" count="240" type="cond" truecount="2" falsecount="1"/>
        <line num="14" count="1" type="stmt"/>
        <line num="22" count="0" type="stmt"/>
        <line num="30" count="239" type="stmt"/>
      </file>
    </package>
    <package name="sagas">
      <metrics statements="82" coveredstatements="45" conditionals="2" coveredconditionals="1" methods="7" coveredmethods="6"/>
      <file name="index.ts" path="/Users/absaarhasan/Sites/proto/proto_TEMP/src/sagas/index.ts">
        <metrics statements="82" coveredstatements="45" conditionals="2" coveredconditionals="1" methods="7" coveredmethods="6"/>
        <line num="15" count="1" type="stmt"/>
        <line num="16" count="1" type="stmt"/>
        <line num="17" count="1" type="stmt"/>
        <line num="18" count="1" type="stmt"/>
        <line num="19" count="0" type="stmt"/>
        <line num="20" count="0" type="stmt"/>
        <line num="21" count="0" type="stmt"/>
        <line num="22" count="0" type="stmt"/>
        <line num="23" count="0" type="stmt"/>
        <line num="25" count="1" type="stmt"/>
        <line num="26" count="1" type="stmt"/>
        <line num="27" count="1" type="stmt"/>
        <line num="28" count="1" type="stmt"/>
        <line num="35" count="1" type="stmt"/>
        <line num="36" count="1" type="stmt"/>
        <line num="37" count="1" type="stmt"/>
        <line num="38" count="1" type="stmt"/>
        <line num="39" count="0" type="stmt"/>
        <line num="40" count="0" type="stmt"/>
        <line num="41" count="0" type="stmt"/>
        <line num="42" count="0" type="stmt"/>
        <line num="43" count="0" type="stmt"/>
        <line num="45" count="1" type="stmt"/>
        <line num="46" count="1" type="stmt"/>
        <line num="47" count="1" type="stmt"/>
        <line num="48" count="1" type="stmt"/>
        <line num="53" count="0" type="stmt"/>
        <line num="54" count="0" type="stmt"/>
        <line num="55" count="0" type="stmt"/>
        <line num="56" count="0" type="stmt"/>
        <line num="57" count="0" type="stmt"/>
        <line num="58" count="0" type="stmt"/>
        <line num="59" count="0" type="stmt"/>
        <line num="60" count="0" type="stmt"/>
        <line num="62" count="0" type="stmt"/>
        <line num="63" count="0" type="stmt"/>
        <line num="64" count="0" type="stmt"/>
        <line num="69" count="18" type="stmt"/>
        <line num="70" count="18" type="stmt"/>
        <line num="71" count="18" type="stmt"/>
        <line num="72" count="18" type="stmt"/>
        <line num="73" count="18" type="cond" truecount="1" falsecount="1"/>
        <line num="74" count="0" type="stmt"/>
        <line num="76" count="18" type="stmt"/>
        <line num="77" count="18" type="stmt"/>
        <line num="79" count="0" type="stmt"/>
        <line num="80" count="0" type="stmt"/>
        <line num="81" count="0" type="stmt"/>
        <line num="82" count="0" type="stmt"/>
        <line num="89" count="1" type="stmt"/>
        <line num="90" count="1" type="stmt"/>
        <line num="91" count="1" type="stmt"/>
        <line num="92" count="1" type="stmt"/>
        <line num="93" count="0" type="stmt"/>
        <line num="94" count="0" type="stmt"/>
        <line num="95" count="0" type="stmt"/>
        <line num="96" count="0" type="stmt"/>
        <line num="97" count="0" type="stmt"/>
        <line num="98" count="0" type="stmt"/>
        <line num="100" count="1" type="stmt"/>
        <line num="101" count="1" type="stmt"/>
        <line num="102" count="1" type="stmt"/>
        <line num="103" count="1" type="stmt"/>
        <line num="111" count="1" type="stmt"/>
        <line num="112" count="1" type="stmt"/>
        <line num="113" count="1" type="stmt"/>
        <line num="114" count="1" type="stmt"/>
        <line num="115" count="0" type="stmt"/>
        <line num="116" count="0" type="stmt"/>
        <line num="117" count="0" type="stmt"/>
        <line num="118" count="0" type="stmt"/>
        <line num="119" count="0" type="stmt"/>
        <line num="121" count="1" type="stmt"/>
        <line num="122" count="1" type="stmt"/>
        <line num="123" count="1" type="stmt"/>
        <line num="124" count="1" type="stmt"/>
        <line num="129" count="26" type="stmt"/>
        <line num="130" count="26" type="stmt"/>
        <line num="131" count="26" type="stmt"/>
        <line num="132" count="26" type="stmt"/>
        <line num="136" count="26" type="stmt"/>
        <line num="140" count="26" type="stmt"/>
      </file>
    </package>
    <package name="selectors">
      <metrics statements="6" coveredstatements="6" conditionals="0" coveredconditionals="0" methods="5" coveredmethods="5"/>
      <file name="index.ts" path="/Users/absaarhasan/Sites/proto/proto_TEMP/src/selectors/index.ts">
        <metrics statements="6" coveredstatements="6" conditionals="0" coveredconditionals="0" methods="5" coveredmethods="5"/>
        <line num="4" count="7" type="stmt"/>
        <line num="5" count="54" type="stmt"/>
        <line num="6" count="8" type="stmt"/>
        <line num="7" count="56" type="stmt"/>
        <line num="9" count="7" type="stmt"/>
        <line num="11" count="6" type="stmt"/>
      </file>
    </package>
    <package name="store">
      <metrics statements="7" coveredstatements="7" conditionals="0" coveredconditionals="0" methods="1" coveredmethods="1"/>
      <file name="index.ts" path="/Users/absaarhasan/Sites/proto/proto_TEMP/src/store/index.ts">
        <metrics statements="7" coveredstatements="7" conditionals="0" coveredconditionals="0" methods="1" coveredmethods="1"/>
        <line num="9" count="10" type="stmt"/>
        <line num="10" count="26" type="stmt"/>
        <line num="12" count="26" type="stmt"/>
        <line num="14" count="26" type="stmt"/>
        <line num="16" count="26" type="stmt"/>
        <line num="24" count="26" type="stmt"/>
        <line num="26" count="26" type="stmt"/>
      </file>
    </package>
    <package name="stubs">
      <metrics statements="1" coveredstatements="1" conditionals="0" coveredconditionals="0" methods="0" coveredmethods="0"/>
      <file name="actions.ts" path="/Users/absaarhasan/Sites/proto/proto_TEMP/src/stubs/actions.ts">
        <metrics statements="1" coveredstatements="1" conditionals="0" coveredconditionals="0" methods="0" coveredmethods="0"/>
        <line num="3" count="2" type="stmt"/>
      </file>
    </package>
    <package name="utils">
      <metrics statements="59" coveredstatements="36" conditionals="20" coveredconditionals="5" methods="27" coveredmethods="14"/>
      <file name="auth.ts" path="/Users/absaarhasan/Sites/proto/proto_TEMP/src/utils/auth.ts">
        <metrics statements="58" coveredstatements="35" conditionals="20" coveredconditionals="5" methods="26" coveredmethods="13"/>
        <line num="7" count="10" type="stmt"/>
        <line num="12" count="10" type="stmt"/>
        <line num="16" count="10" type="stmt"/>
        <line num="17" count="1" type="stmt"/>
        <line num="18" count="1" type="stmt"/>
        <line num="23" count="1" type="stmt"/>
        <line num="25" count="1" type="stmt"/>
        <line num="26" count="1" type="stmt"/>
        <line num="28" count="0" type="stmt"/>
        <line num="31" count="0" type="stmt"/>
        <line num="35" count="1" type="cond" truecount="1" falsecount="1"/>
        <line num="39" count="10" type="stmt"/>
        <line num="40" count="1" type="stmt"/>
        <line num="45" count="1" type="stmt"/>
        <line num="47" count="1" type="stmt"/>
        <line num="48" count="1" type="stmt"/>
        <line num="50" count="0" type="stmt"/>
        <line num="53" count="0" type="stmt"/>
        <line num="57" count="1" type="cond" truecount="1" falsecount="1"/>
        <line num="61" count="10" type="stmt"/>
        <line num="62" count="0" type="stmt"/>
        <line num="63" count="0" type="cond" truecount="0" falsecount="2"/>
        <line num="64" count="0" type="stmt"/>
        <line num="68" count="10" type="stmt"/>
        <line num="69" count="18" type="stmt"/>
        <line num="70" count="18" type="cond" truecount="1" falsecount="1"/>
        <line num="71" count="0" type="stmt"/>
        <line num="72" count="0" type="stmt"/>
        <line num="73" count="0" type="cond" truecount="0" falsecount="2"/>
        <line num="74" count="0" type="stmt"/>
        <line num="76" count="0" type="stmt"/>
        <line num="77" count="0" type="cond" truecount="0" falsecount="2"/>
        <line num="78" count="0" type="stmt"/>
        <line num="80" count="0" type="stmt"/>
        <line num="81" count="0" type="stmt"/>
        <line num="82" count="0" type="stmt"/>
        <line num="84" count="0" type="stmt"/>
        <line num="88" count="0" type="cond" truecount="0" falsecount="2"/>
        <line num="91" count="18" type="stmt"/>
        <line num="94" count="10" type="stmt"/>
        <line num="95" count="1" type="stmt"/>
        <line num="98" count="1" type="stmt"/>
        <line num="102" count="1" type="stmt"/>
        <line num="104" count="1" type="stmt"/>
        <line num="105" count="1" type="stmt"/>
        <line num="107" count="0" type="stmt"/>
        <line num="108" count="0" type="stmt"/>
        <line num="111" count="0" type="stmt"/>
        <line num="115" count="1" type="cond" truecount="1" falsecount="1"/>
        <line num="119" count="10" type="stmt"/>
        <line num="122" count="1" type="stmt"/>
        <line num="123" count="1" type="stmt"/>
        <line num="124" count="1" type="stmt"/>
        <line num="127" count="1" type="stmt"/>
        <line num="129" count="1" type="stmt"/>
        <line num="130" count="1" type="stmt"/>
        <line num="131" count="0" type="cond" truecount="0" falsecount="2"/>
        <line num="134" count="1" type="cond" truecount="1" falsecount="1"/>
      </file>
      <file name="index.ts" path="/Users/absaarhasan/Sites/proto/proto_TEMP/src/utils/index.ts">
        <metrics statements="1" coveredstatements="1" conditionals="0" coveredconditionals="0" methods="1" coveredmethods="1"/>
        <line num="7" count="10" type="stmt"/>
      </file>
    </package>
  </project>
</coverage>
