{"/Users/absaarhasan/Sites/proto/proto_TEMP/src/actions/app.ts": {"path":"/Users/absaarhasan/Sites/proto/proto_TEMP/src/actions/app.ts","statementMap":{"0":{"start":{"line":10,"column":31},"end":{"line":13,"column":2}},"1":{"start":{"line":10,"column":69},"end":{"line":13,"column":1}},"2":{"start":{"line":15,"column":28},"end":{"line":18,"column":2}},"3":{"start":{"line":15,"column":63},"end":{"line":18,"column":1}},"4":{"start":{"line":20,"column":37},"end":{"line":23,"column":2}},"5":{"start":{"line":20,"column":85},"end":{"line":23,"column":1}},"6":{"start":{"line":25,"column":39},"end":{"line":27,"column":2}},"7":{"start":{"line":25,"column":71},"end":{"line":27,"column":1}}},"fnMap":{"0":{"name":"(anonymous_0)","decl":{"start":{"line":10,"column":31},"end":{"line":10,"column":32}},"loc":{"start":{"line":10,"column":69},"end":{"line":13,"column":1}},"line":10},"1":{"name":"(anonymous_1)","decl":{"start":{"line":15,"column":28},"end":{"line":15,"column":29}},"loc":{"start":{"line":15,"column":63},"end":{"line":18,"column":1}},"line":15},"2":{"name":"(anonymous_2)","decl":{"start":{"line":20,"column":37},"end":{"line":20,"column":38}},"loc":{"start":{"line":20,"column":85},"end":{"line":23,"column":1}},"line":20},"3":{"name":"(anonymous_3)","decl":{"start":{"line":25,"column":39},"end":{"line":25,"column":40}},"loc":{"start":{"line":25,"column":71},"end":{"line":27,"column":1}},"line":25}},"branchMap":{},"s":{"0":10,"1":45,"2":10,"3":45,"4":10,"5":5,"6":10,"7":21},"f":{"0":45,"1":45,"2":5,"3":21},"b":{},"_coverageSchema":"43e27e138ebf9cfc5966b082cf9a028302ed4184","hash":"c692142cc22fa634670c87f172c74693bfd327af"}
,"/Users/absaarhasan/Sites/proto/proto_TEMP/src/actions/auth.ts": {"path":"/Users/absaarhasan/Sites/proto/proto_TEMP/src/actions/auth.ts","statementMap":{"0":{"start":{"line":16,"column":27},"end":{"line":19,"column":2}},"1":{"start":{"line":16,"column":62},"end":{"line":19,"column":1}},"2":{"start":{"line":21,"column":28},"end":{"line":23,"column":2}},"3":{"start":{"line":21,"column":49},"end":{"line":23,"column":1}},"4":{"start":{"line":25,"column":30},"end":{"line":28,"column":2}},"5":{"start":{"line":25,"column":66},"end":{"line":28,"column":1}},"6":{"start":{"line":30,"column":36},"end":{"line":33,"column":2}},"7":{"start":{"line":30,"column":81},"end":{"line":33,"column":1}},"8":{"start":{"line":35,"column":36},"end":{"line":38,"column":2}},"9":{"start":{"line":35,"column":81},"end":{"line":38,"column":1}},"10":{"start":{"line":40,"column":34},"end":{"line":42,"column":2}},"11":{"start":{"line":40,"column":61},"end":{"line":42,"column":1}},"12":{"start":{"line":44,"column":36},"end":{"line":47,"column":2}},"13":{"start":{"line":44,"column":73},"end":{"line":47,"column":1}},"14":{"start":{"line":49,"column":38},"end":{"line":51,"column":2}},"15":{"start":{"line":49,"column":67},"end":{"line":51,"column":1}}},"fnMap":{"0":{"name":"(anonymous_0)","decl":{"start":{"line":16,"column":27},"end":{"line":16,"column":28}},"loc":{"start":{"line":16,"column":62},"end":{"line":19,"column":1}},"line":16},"1":{"name":"(anonymous_1)","decl":{"start":{"line":21,"column":28},"end":{"line":21,"column":29}},"loc":{"start":{"line":21,"column":49},"end":{"line":23,"column":1}},"line":21},"2":{"name":"(anonymous_2)","decl":{"start":{"line":25,"column":30},"end":{"line":25,"column":31}},"loc":{"start":{"line":25,"column":66},"end":{"line":28,"column":1}},"line":25},"3":{"name":"(anonymous_3)","decl":{"start":{"line":30,"column":36},"end":{"line":30,"column":37}},"loc":{"start":{"line":30,"column":81},"end":{"line":33,"column":1}},"line":30},"4":{"name":"(anonymous_4)","decl":{"start":{"line":35,"column":36},"end":{"line":35,"column":37}},"loc":{"start":{"line":35,"column":81},"end":{"line":38,"column":1}},"line":35},"5":{"name":"(anonymous_5)","decl":{"start":{"line":40,"column":34},"end":{"line":40,"column":35}},"loc":{"start":{"line":40,"column":61},"end":{"line":42,"column":1}},"line":40},"6":{"name":"(anonymous_6)","decl":{"start":{"line":44,"column":36},"end":{"line":44,"column":37}},"loc":{"start":{"line":44,"column":73},"end":{"line":47,"column":1}},"line":44},"7":{"name":"(anonymous_7)","decl":{"start":{"line":49,"column":38},"end":{"line":49,"column":39}},"loc":{"start":{"line":49,"column":67},"end":{"line":51,"column":1}},"line":49}},"branchMap":{},"s":{"0":10,"1":2,"2":10,"3":1,"4":10,"5":2,"6":10,"7":2,"8":10,"9":2,"10":10,"11":19,"12":10,"13":1,"14":10,"15":0},"f":{"0":2,"1":1,"2":2,"3":2,"4":2,"5":19,"6":1,"7":0},"b":{},"_coverageSchema":"43e27e138ebf9cfc5966b082cf9a028302ed4184","hash":"0ee38d5ff504b8c7f81110fcf8198f92c80881f1"}
,"/Users/absaarhasan/Sites/proto/proto_TEMP/src/actions/constants.ts": {"path":"/Users/absaarhasan/Sites/proto/proto_TEMP/src/actions/constants.ts","statementMap":{"0":{"start":{"line":1,"column":27},"end":{"line":1,"column":40}},"1":{"start":{"line":2,"column":30},"end":{"line":2,"column":46}},"2":{"start":{"line":3,"column":26},"end":{"line":3,"column":38}},"3":{"start":{"line":4,"column":27},"end":{"line":4,"column":40}},"4":{"start":{"line":5,"column":29},"end":{"line":5,"column":44}},"5":{"start":{"line":6,"column":36},"end":{"line":6,"column":58}},"6":{"start":{"line":7,"column":36},"end":{"line":7,"column":58}},"7":{"start":{"line":8,"column":34},"end":{"line":8,"column":54}},"8":{"start":{"line":9,"column":34},"end":{"line":9,"column":54}},"9":{"start":{"line":10,"column":32},"end":{"line":10,"column":50}},"10":{"start":{"line":11,"column":34},"end":{"line":11,"column":54}},"11":{"start":{"line":12,"column":32},"end":{"line":12,"column":50}},"12":{"start":{"line":13,"column":34},"end":{"line":13,"column":54}}},"fnMap":{},"branchMap":{},"s":{"0":10,"1":10,"2":10,"3":10,"4":10,"5":10,"6":10,"7":10,"8":10,"9":10,"10":10,"11":10,"12":10},"f":{},"b":{},"_coverageSchema":"43e27e138ebf9cfc5966b082cf9a028302ed4184","hash":"60fe684ea5018f325cebc36f9435b3c459954008"}
,"/Users/absaarhasan/Sites/proto/proto_TEMP/src/components/alert/index.tsx": {"path":"/Users/absaarhasan/Sites/proto/proto_TEMP/src/components/alert/index.tsx","statementMap":{"0":{"start":{"line":19,"column":4},"end":{"line":19,"column":17}},"1":{"start":{"line":20,"column":4},"end":{"line":20,"column":51}},"2":{"start":{"line":24,"column":34},"end":{"line":24,"column":44}},"3":{"start":{"line":25,"column":4},"end":{"line":25,"column":24}},"4":{"start":{"line":33,"column":8},"end":{"line":33,"column":18}},"5":{"start":{"line":36,"column":4},"end":{"line":57,"column":6}},"6":{"start":{"line":50,"column":25},"end":{"line":50,"column":43}},"7":{"start":{"line":61,"column":24},"end":{"line":63,"column":2}},"8":{"start":{"line":61,"column":47},"end":{"line":63,"column":1}},"9":{"start":{"line":65,"column":27},"end":{"line":67,"column":2}},"10":{"start":{"line":65,"column":69},"end":{"line":67,"column":1}},"11":{"start":{"line":66,"column":27},"end":{"line":66,"column":62}}},"fnMap":{"0":{"name":"(anonymous_0)","decl":{"start":{"line":18,"column":2},"end":{"line":18,"column":3}},"loc":{"start":{"line":18,"column":21},"end":{"line":21,"column":3}},"line":18},"1":{"name":"(anonymous_1)","decl":{"start":{"line":23,"column":2},"end":{"line":23,"column":3}},"loc":{"start":{"line":23,"column":16},"end":{"line":26,"column":3}},"line":23},"2":{"name":"(anonymous_2)","decl":{"start":{"line":28,"column":2},"end":{"line":28,"column":3}},"loc":{"start":{"line":28,"column":11},"end":{"line":58,"column":3}},"line":28},"3":{"name":"(anonymous_3)","decl":{"start":{"line":50,"column":19},"end":{"line":50,"column":20}},"loc":{"start":{"line":50,"column":25},"end":{"line":50,"column":43}},"line":50},"4":{"name":"(anonymous_4)","decl":{"start":{"line":61,"column":24},"end":{"line":61,"column":25}},"loc":{"start":{"line":61,"column":47},"end":{"line":63,"column":1}},"line":61},"5":{"name":"(anonymous_5)","decl":{"start":{"line":65,"column":27},"end":{"line":65,"column":28}},"loc":{"start":{"line":65,"column":69},"end":{"line":67,"column":1}},"line":65},"6":{"name":"(anonymous_6)","decl":{"start":{"line":66,"column":21},"end":{"line":66,"column":22}},"loc":{"start":{"line":66,"column":27},"end":{"line":66,"column":62}},"line":66}},"branchMap":{},"s":{"0":6,"1":6,"2":2,"3":2,"4":8,"5":8,"6":2,"7":1,"8":8,"9":1,"10":6,"11":2},"f":{"0":6,"1":2,"2":8,"3":2,"4":8,"5":6,"6":2},"b":{},"_coverageSchema":"43e27e138ebf9cfc5966b082cf9a028302ed4184","hash":"1e6d824f72c96770b980729c77287497645873e3"}
,"/Users/absaarhasan/Sites/proto/proto_TEMP/src/components/alert/style.less": {"path":"/Users/absaarhasan/Sites/proto/proto_TEMP/src/components/alert/style.less","statementMap":{"0":{"start":{"line":4,"column":17},"end":{"line":4,"column":126}},"1":{"start":{"line":6,"column":4},"end":{"line":27,"column":5}},"2":{"start":{"line":7,"column":8},"end":{"line":9,"column":11}},"3":{"start":{"line":10,"column":8},"end":{"line":21,"column":11}},"4":{"start":{"line":12,"column":16},"end":{"line":14,"column":17}},"5":{"start":{"line":13,"column":20},"end":{"line":13,"column":34}},"6":{"start":{"line":15,"column":16},"end":{"line":15,"column":36}},"7":{"start":{"line":19,"column":16},"end":{"line":19,"column":30}},"8":{"start":{"line":23,"column":8},"end":{"line":25,"column":11}},"9":{"start":{"line":26,"column":8},"end":{"line":26,"column":31}}},"fnMap":{"0":{"name":"(anonymous_0)","decl":{"start":{"line":11,"column":12},"end":{"line":11,"column":13}},"loc":{"start":{"line":11,"column":30},"end":{"line":16,"column":13}},"line":11},"1":{"name":"(anonymous_1)","decl":{"start":{"line":18,"column":12},"end":{"line":18,"column":13}},"loc":{"start":{"line":18,"column":29},"end":{"line":20,"column":13}},"line":18}},"branchMap":{"0":{"loc":{"start":{"line":6,"column":4},"end":{"line":27,"column":5}},"type":"if","locations":[{"start":{"line":6,"column":4},"end":{"line":27,"column":5}},{"start":{"line":6,"column":4},"end":{"line":27,"column":5}}],"line":6},"1":{"loc":{"start":{"line":6,"column":8},"end":{"line":6,"column":44}},"type":"binary-expr","locations":[{"start":{"line":6,"column":8},"end":{"line":6,"column":34}},{"start":{"line":6,"column":38},"end":{"line":6,"column":44}}],"line":6},"2":{"loc":{"start":{"line":12,"column":16},"end":{"line":14,"column":17}},"type":"if","locations":[{"start":{"line":12,"column":16},"end":{"line":14,"column":17}},{"start":{"line":12,"column":16},"end":{"line":14,"column":17}}],"line":12}},"s":{"0":1,"1":1,"2":1,"3":1,"4":33,"5":32,"6":1,"7":0,"8":0,"9":0},"f":{"0":33,"1":0},"b":{"0":[1,0],"1":[1,1],"2":[32,1]},"_coverageSchema":"43e27e138ebf9cfc5966b082cf9a028302ed4184","hash":"dc57dc2b3a63e3eab384336933c450cd0152c1ea"}
,"/Users/absaarhasan/Sites/proto/proto_TEMP/src/components/forgotPassword/index.tsx": {"path":"/Users/absaarhasan/Sites/proto/proto_TEMP/src/components/forgotPassword/index.tsx","statementMap":{"0":{"start":{"line":24,"column":4},"end":{"line":24,"column":17}},"1":{"start":{"line":26,"column":4},"end":{"line":28,"column":6}},"2":{"start":{"line":29,"column":4},"end":{"line":29,"column":53}},"3":{"start":{"line":30,"column":4},"end":{"line":30,"column":75}},"4":{"start":{"line":34,"column":29},"end":{"line":34,"column":39}},"5":{"start":{"line":35,"column":4},"end":{"line":35,"column":19}},"6":{"start":{"line":39,"column":36},"end":{"line":39,"column":46}},"7":{"start":{"line":40,"column":4},"end":{"line":42,"column":5}},"8":{"start":{"line":41,"column":6},"end":{"line":41,"column":20}},"9":{"start":{"line":46,"column":34},"end":{"line":46,"column":44}},"10":{"start":{"line":47,"column":4},"end":{"line":47,"column":24}},"11":{"start":{"line":51,"column":4},"end":{"line":51,"column":51}},"12":{"start":{"line":55,"column":31},"end":{"line":55,"column":41}},"13":{"start":{"line":56,"column":22},"end":{"line":56,"column":32}},"14":{"start":{"line":58,"column":17},"end":{"line":58,"column":26}},"15":{"start":{"line":59,"column":4},"end":{"line":59,"column":25}},"16":{"start":{"line":63,"column":23},"end":{"line":63,"column":33}},"17":{"start":{"line":64,"column":22},"end":{"line":64,"column":32}},"18":{"start":{"line":66,"column":4},"end":{"line":90,"column":6}},"19":{"start":{"line":76,"column":29},"end":{"line":76,"column":58}},"20":{"start":{"line":83,"column":29},"end":{"line":83,"column":60}},"21":{"start":{"line":94,"column":24},"end":{"line":97,"column":2}},"22":{"start":{"line":94,"column":47},"end":{"line":97,"column":1}},"23":{"start":{"line":99,"column":27},"end":{"line":104,"column":2}},"24":{"start":{"line":99,"column":69},"end":{"line":104,"column":1}},"25":{"start":{"line":100,"column":27},"end":{"line":100,"column":62}},"26":{"start":{"line":101,"column":40},"end":{"line":101,"column":76}},"27":{"start":{"line":102,"column":22},"end":{"line":102,"column":52}},"28":{"start":{"line":103,"column":31},"end":{"line":103,"column":52}}},"fnMap":{"0":{"name":"(anonymous_0)","decl":{"start":{"line":23,"column":2},"end":{"line":23,"column":3}},"loc":{"start":{"line":23,"column":21},"end":{"line":31,"column":3}},"line":23},"1":{"name":"(anonymous_1)","decl":{"start":{"line":33,"column":2},"end":{"line":33,"column":3}},"loc":{"start":{"line":33,"column":22},"end":{"line":36,"column":3}},"line":33},"2":{"name":"(anonymous_2)","decl":{"start":{"line":38,"column":2},"end":{"line":38,"column":3}},"loc":{"start":{"line":38,"column":32},"end":{"line":43,"column":3}},"line":38},"3":{"name":"(anonymous_3)","decl":{"start":{"line":45,"column":2},"end":{"line":45,"column":3}},"loc":{"start":{"line":45,"column":25},"end":{"line":48,"column":3}},"line":45},"4":{"name":"(anonymous_4)","decl":{"start":{"line":50,"column":2},"end":{"line":50,"column":3}},"loc":{"start":{"line":50,"column":77},"end":{"line":52,"column":3}},"line":50},"5":{"name":"(anonymous_5)","decl":{"start":{"line":54,"column":2},"end":{"line":54,"column":3}},"loc":{"start":{"line":54,"column":28},"end":{"line":60,"column":3}},"line":54},"6":{"name":"(anonymous_6)","decl":{"start":{"line":62,"column":2},"end":{"line":62,"column":3}},"loc":{"start":{"line":62,"column":11},"end":{"line":91,"column":3}},"line":62},"7":{"name":"(anonymous_7)","decl":{"start":{"line":76,"column":22},"end":{"line":76,"column":23}},"loc":{"start":{"line":76,"column":29},"end":{"line":76,"column":58}},"line":76},"8":{"name":"(anonymous_8)","decl":{"start":{"line":83,"column":21},"end":{"line":83,"column":22}},"loc":{"start":{"line":83,"column":27},"end":{"line":83,"column":62}},"line":83},"9":{"name":"(anonymous_9)","decl":{"start":{"line":94,"column":24},"end":{"line":94,"column":25}},"loc":{"start":{"line":94,"column":47},"end":{"line":97,"column":1}},"line":94},"10":{"name":"(anonymous_10)","decl":{"start":{"line":99,"column":27},"end":{"line":99,"column":28}},"loc":{"start":{"line":99,"column":69},"end":{"line":104,"column":1}},"line":99},"11":{"name":"(anonymous_11)","decl":{"start":{"line":100,"column":21},"end":{"line":100,"column":22}},"loc":{"start":{"line":100,"column":27},"end":{"line":100,"column":62}},"line":100},"12":{"name":"(anonymous_12)","decl":{"start":{"line":101,"column":18},"end":{"line":101,"column":19}},"loc":{"start":{"line":101,"column":40},"end":{"line":101,"column":76}},"line":101},"13":{"name":"(anonymous_13)","decl":{"start":{"line":102,"column":16},"end":{"line":102,"column":17}},"loc":{"start":{"line":102,"column":22},"end":{"line":102,"column":52}},"line":102},"14":{"name":"(anonymous_14)","decl":{"start":{"line":103,"column":12},"end":{"line":103,"column":13}},"loc":{"start":{"line":103,"column":31},"end":{"line":103,"column":52}},"line":103}},"branchMap":{"0":{"loc":{"start":{"line":40,"column":4},"end":{"line":42,"column":5}},"type":"if","locations":[{"start":{"line":40,"column":4},"end":{"line":42,"column":5}},{"start":{"line":40,"column":4},"end":{"line":42,"column":5}}],"line":40}},"s":{"0":3,"1":3,"2":3,"3":3,"4":3,"5":3,"6":2,"7":2,"8":0,"9":3,"10":3,"11":0,"12":1,"13":1,"14":1,"15":1,"16":5,"17":5,"18":5,"19":0,"20":1,"21":1,"22":11,"23":1,"24":3,"25":3,"26":1,"27":3,"28":0},"f":{"0":3,"1":3,"2":2,"3":3,"4":0,"5":1,"6":5,"7":0,"8":1,"9":11,"10":3,"11":3,"12":1,"13":3,"14":0},"b":{"0":[0,2]},"_coverageSchema":"43e27e138ebf9cfc5966b082cf9a028302ed4184","hash":"78e7cce8cf4ed8a75b053d5650d10daa7b8b5be3"}
,"/Users/absaarhasan/Sites/proto/proto_TEMP/src/components/home/index.tsx": {"path":"/Users/absaarhasan/Sites/proto/proto_TEMP/src/components/home/index.tsx","statementMap":{"0":{"start":{"line":19,"column":4},"end":{"line":19,"column":17}},"1":{"start":{"line":21,"column":4},"end":{"line":21,"column":20}},"2":{"start":{"line":25,"column":29},"end":{"line":25,"column":39}},"3":{"start":{"line":26,"column":4},"end":{"line":26,"column":19}},"4":{"start":{"line":30,"column":34},"end":{"line":30,"column":44}},"5":{"start":{"line":31,"column":4},"end":{"line":31,"column":24}},"6":{"start":{"line":35,"column":4},"end":{"line":39,"column":6}},"7":{"start":{"line":43,"column":24},"end":{"line":45,"column":2}},"8":{"start":{"line":43,"column":47},"end":{"line":45,"column":1}},"9":{"start":{"line":47,"column":27},"end":{"line":50,"column":2}},"10":{"start":{"line":47,"column":69},"end":{"line":50,"column":1}},"11":{"start":{"line":48,"column":27},"end":{"line":48,"column":62}},"12":{"start":{"line":49,"column":22},"end":{"line":49,"column":52}}},"fnMap":{"0":{"name":"(anonymous_0)","decl":{"start":{"line":18,"column":2},"end":{"line":18,"column":3}},"loc":{"start":{"line":18,"column":21},"end":{"line":22,"column":3}},"line":18},"1":{"name":"(anonymous_1)","decl":{"start":{"line":24,"column":2},"end":{"line":24,"column":3}},"loc":{"start":{"line":24,"column":22},"end":{"line":27,"column":3}},"line":24},"2":{"name":"(anonymous_2)","decl":{"start":{"line":29,"column":2},"end":{"line":29,"column":3}},"loc":{"start":{"line":29,"column":25},"end":{"line":32,"column":3}},"line":29},"3":{"name":"(anonymous_3)","decl":{"start":{"line":34,"column":2},"end":{"line":34,"column":3}},"loc":{"start":{"line":34,"column":24},"end":{"line":40,"column":3}},"line":34},"4":{"name":"(anonymous_4)","decl":{"start":{"line":43,"column":24},"end":{"line":43,"column":25}},"loc":{"start":{"line":43,"column":47},"end":{"line":45,"column":1}},"line":43},"5":{"name":"(anonymous_5)","decl":{"start":{"line":47,"column":27},"end":{"line":47,"column":28}},"loc":{"start":{"line":47,"column":69},"end":{"line":50,"column":1}},"line":47},"6":{"name":"(anonymous_6)","decl":{"start":{"line":48,"column":21},"end":{"line":48,"column":22}},"loc":{"start":{"line":48,"column":27},"end":{"line":48,"column":62}},"line":48},"7":{"name":"(anonymous_7)","decl":{"start":{"line":49,"column":16},"end":{"line":49,"column":17}},"loc":{"start":{"line":49,"column":22},"end":{"line":49,"column":52}},"line":49}},"branchMap":{},"s":{"0":1,"1":1,"2":1,"3":1,"4":1,"5":1,"6":1,"7":1,"8":2,"9":1,"10":1,"11":1,"12":1},"f":{"0":1,"1":1,"2":1,"3":1,"4":2,"5":1,"6":1,"7":1},"b":{},"_coverageSchema":"43e27e138ebf9cfc5966b082cf9a028302ed4184","hash":"96ddf6dddc4a344c2ee722de1eb9766cf1f86fa8"}
,"/Users/absaarhasan/Sites/proto/proto_TEMP/src/components/loader/index.tsx": {"path":"/Users/absaarhasan/Sites/proto/proto_TEMP/src/components/loader/index.tsx","statementMap":{"0":{"start":{"line":19,"column":33},"end":{"line":19,"column":43}},"1":{"start":{"line":21,"column":4},"end":{"line":29,"column":6}},"2":{"start":{"line":33,"column":24},"end":{"line":35,"column":2}},"3":{"start":{"line":33,"column":47},"end":{"line":35,"column":1}},"4":{"start":{"line":37,"column":27},"end":{"line":37,"column":72}},"5":{"start":{"line":37,"column":69},"end":{"line":37,"column":71}}},"fnMap":{"0":{"name":"(anonymous_0)","decl":{"start":{"line":18,"column":2},"end":{"line":18,"column":3}},"loc":{"start":{"line":18,"column":24},"end":{"line":30,"column":3}},"line":18},"1":{"name":"(anonymous_1)","decl":{"start":{"line":33,"column":24},"end":{"line":33,"column":25}},"loc":{"start":{"line":33,"column":47},"end":{"line":35,"column":1}},"line":33},"2":{"name":"(anonymous_2)","decl":{"start":{"line":37,"column":27},"end":{"line":37,"column":28}},"loc":{"start":{"line":37,"column":69},"end":{"line":37,"column":71}},"line":37}},"branchMap":{"0":{"loc":{"start":{"line":19,"column":12},"end":{"line":19,"column":28}},"type":"default-arg","locations":[{"start":{"line":19,"column":24},"end":{"line":19,"column":28}}],"line":19}},"s":{"0":1,"1":1,"2":1,"3":1,"4":1,"5":1},"f":{"0":1,"1":1,"2":1},"b":{"0":[0]},"_coverageSchema":"43e27e138ebf9cfc5966b082cf9a028302ed4184","hash":"dc5b46a9c9bfc461d14048ac109dffcd4208f1db"}
,"/Users/absaarhasan/Sites/proto/proto_TEMP/src/components/loader/style.less": {"path":"/Users/absaarhasan/Sites/proto/proto_TEMP/src/components/loader/style.less","statementMap":{"0":{"start":{"line":4,"column":17},"end":{"line":4,"column":54}},"1":{"start":{"line":6,"column":4},"end":{"line":27,"column":5}},"2":{"start":{"line":7,"column":8},"end":{"line":9,"column":11}},"3":{"start":{"line":10,"column":8},"end":{"line":21,"column":11}},"4":{"start":{"line":12,"column":16},"end":{"line":14,"column":17}},"5":{"start":{"line":13,"column":20},"end":{"line":13,"column":34}},"6":{"start":{"line":15,"column":16},"end":{"line":15,"column":36}},"7":{"start":{"line":19,"column":16},"end":{"line":19,"column":30}},"8":{"start":{"line":23,"column":8},"end":{"line":25,"column":11}},"9":{"start":{"line":26,"column":8},"end":{"line":26,"column":31}}},"fnMap":{"0":{"name":"(anonymous_0)","decl":{"start":{"line":11,"column":12},"end":{"line":11,"column":13}},"loc":{"start":{"line":11,"column":30},"end":{"line":16,"column":13}},"line":11},"1":{"name":"(anonymous_1)","decl":{"start":{"line":18,"column":12},"end":{"line":18,"column":13}},"loc":{"start":{"line":18,"column":29},"end":{"line":20,"column":13}},"line":18}},"branchMap":{"0":{"loc":{"start":{"line":6,"column":4},"end":{"line":27,"column":5}},"type":"if","locations":[{"start":{"line":6,"column":4},"end":{"line":27,"column":5}},{"start":{"line":6,"column":4},"end":{"line":27,"column":5}}],"line":6},"1":{"loc":{"start":{"line":6,"column":8},"end":{"line":6,"column":44}},"type":"binary-expr","locations":[{"start":{"line":6,"column":8},"end":{"line":6,"column":34}},{"start":{"line":6,"column":38},"end":{"line":6,"column":44}}],"line":6},"2":{"loc":{"start":{"line":12,"column":16},"end":{"line":14,"column":17}},"type":"if","locations":[{"start":{"line":12,"column":16},"end":{"line":14,"column":17}},{"start":{"line":12,"column":16},"end":{"line":14,"column":17}}],"line":12}},"s":{"0":1,"1":1,"2":1,"3":1,"4":3,"5":2,"6":1,"7":0,"8":0,"9":0},"f":{"0":3,"1":0},"b":{"0":[1,0],"1":[1,1],"2":[2,1]},"_coverageSchema":"43e27e138ebf9cfc5966b082cf9a028302ed4184","hash":"c73b392420d66a2bf80d89cf288df2866800fa1d"}
,"/Users/absaarhasan/Sites/proto/proto_TEMP/src/components/login/index.tsx": {"path":"/Users/absaarhasan/Sites/proto/proto_TEMP/src/components/login/index.tsx","statementMap":{"0":{"start":{"line":25,"column":4},"end":{"line":25,"column":17}},"1":{"start":{"line":27,"column":4},"end":{"line":30,"column":6}},"2":{"start":{"line":31,"column":4},"end":{"line":31,"column":53}},"3":{"start":{"line":32,"column":4},"end":{"line":32,"column":57}},"4":{"start":{"line":33,"column":4},"end":{"line":33,"column":59}},"5":{"start":{"line":37,"column":29},"end":{"line":37,"column":39}},"6":{"start":{"line":38,"column":4},"end":{"line":38,"column":19}},"7":{"start":{"line":44,"column":34},"end":{"line":44,"column":44}},"8":{"start":{"line":45,"column":4},"end":{"line":45,"column":24}},"9":{"start":{"line":49,"column":4},"end":{"line":49,"column":51}},"10":{"start":{"line":53,"column":22},"end":{"line":53,"column":32}},"11":{"start":{"line":54,"column":32},"end":{"line":54,"column":42}},"12":{"start":{"line":56,"column":21},"end":{"line":59,"column":5}},"13":{"start":{"line":61,"column":4},"end":{"line":61,"column":20}},"14":{"start":{"line":65,"column":23},"end":{"line":65,"column":33}},"15":{"start":{"line":66,"column":4},"end":{"line":66,"column":13}},"16":{"start":{"line":70,"column":34},"end":{"line":70,"column":44}},"17":{"start":{"line":71,"column":32},"end":{"line":71,"column":42}},"18":{"start":{"line":73,"column":4},"end":{"line":127,"column":6}},"19":{"start":{"line":82,"column":16},"end":{"line":82,"column":39}},"20":{"start":{"line":98,"column":31},"end":{"line":98,"column":60}},"21":{"start":{"line":108,"column":31},"end":{"line":108,"column":63}},"22":{"start":{"line":115,"column":29},"end":{"line":115,"column":50}},"23":{"start":{"line":131,"column":24},"end":{"line":134,"column":2}},"24":{"start":{"line":131,"column":47},"end":{"line":134,"column":1}},"25":{"start":{"line":136,"column":27},"end":{"line":141,"column":2}},"26":{"start":{"line":136,"column":69},"end":{"line":141,"column":1}},"27":{"start":{"line":137,"column":27},"end":{"line":137,"column":62}},"28":{"start":{"line":138,"column":30},"end":{"line":138,"column":57}},"29":{"start":{"line":139,"column":16},"end":{"line":139,"column":40}},"30":{"start":{"line":140,"column":22},"end":{"line":140,"column":52}}},"fnMap":{"0":{"name":"(anonymous_0)","decl":{"start":{"line":24,"column":2},"end":{"line":24,"column":3}},"loc":{"start":{"line":24,"column":21},"end":{"line":34,"column":3}},"line":24},"1":{"name":"(anonymous_1)","decl":{"start":{"line":36,"column":2},"end":{"line":36,"column":3}},"loc":{"start":{"line":36,"column":22},"end":{"line":39,"column":3}},"line":36},"2":{"name":"(anonymous_2)","decl":{"start":{"line":41,"column":2},"end":{"line":41,"column":3}},"loc":{"start":{"line":41,"column":32},"end":{"line":41,"column":34}},"line":41},"3":{"name":"(anonymous_3)","decl":{"start":{"line":43,"column":2},"end":{"line":43,"column":3}},"loc":{"start":{"line":43,"column":25},"end":{"line":46,"column":3}},"line":43},"4":{"name":"(anonymous_4)","decl":{"start":{"line":48,"column":2},"end":{"line":48,"column":3}},"loc":{"start":{"line":48,"column":77},"end":{"line":50,"column":3}},"line":48},"5":{"name":"(anonymous_5)","decl":{"start":{"line":52,"column":2},"end":{"line":52,"column":3}},"loc":{"start":{"line":52,"column":19},"end":{"line":62,"column":3}},"line":52},"6":{"name":"(anonymous_6)","decl":{"start":{"line":64,"column":2},"end":{"line":64,"column":3}},"loc":{"start":{"line":64,"column":20},"end":{"line":67,"column":3}},"line":64},"7":{"name":"(anonymous_7)","decl":{"start":{"line":69,"column":2},"end":{"line":69,"column":3}},"loc":{"start":{"line":69,"column":24},"end":{"line":128,"column":3}},"line":69},"8":{"name":"(anonymous_8)","decl":{"start":{"line":81,"column":23},"end":{"line":81,"column":24}},"loc":{"start":{"line":81,"column":29},"end":{"line":83,"column":15}},"line":81},"9":{"name":"(anonymous_9)","decl":{"start":{"line":98,"column":24},"end":{"line":98,"column":25}},"loc":{"start":{"line":98,"column":31},"end":{"line":98,"column":60}},"line":98},"10":{"name":"(anonymous_10)","decl":{"start":{"line":108,"column":24},"end":{"line":108,"column":25}},"loc":{"start":{"line":108,"column":31},"end":{"line":108,"column":63}},"line":108},"11":{"name":"(anonymous_11)","decl":{"start":{"line":115,"column":23},"end":{"line":115,"column":24}},"loc":{"start":{"line":115,"column":29},"end":{"line":115,"column":50}},"line":115},"12":{"name":"(anonymous_12)","decl":{"start":{"line":131,"column":24},"end":{"line":131,"column":25}},"loc":{"start":{"line":131,"column":47},"end":{"line":134,"column":1}},"line":131},"13":{"name":"(anonymous_13)","decl":{"start":{"line":136,"column":27},"end":{"line":136,"column":28}},"loc":{"start":{"line":136,"column":69},"end":{"line":141,"column":1}},"line":136},"14":{"name":"(anonymous_14)","decl":{"start":{"line":137,"column":21},"end":{"line":137,"column":22}},"loc":{"start":{"line":137,"column":27},"end":{"line":137,"column":62}},"line":137},"15":{"name":"(anonymous_15)","decl":{"start":{"line":138,"column":9},"end":{"line":138,"column":10}},"loc":{"start":{"line":138,"column":30},"end":{"line":138,"column":57}},"line":138},"16":{"name":"(anonymous_16)","decl":{"start":{"line":139,"column":10},"end":{"line":139,"column":11}},"loc":{"start":{"line":139,"column":16},"end":{"line":139,"column":40}},"line":139},"17":{"name":"(anonymous_17)","decl":{"start":{"line":140,"column":16},"end":{"line":140,"column":17}},"loc":{"start":{"line":140,"column":22},"end":{"line":140,"column":52}},"line":140}},"branchMap":{"0":{"loc":{"start":{"line":75,"column":9},"end":{"line":125,"column":9}},"type":"cond-expr","locations":[{"start":{"line":76,"column":10},"end":{"line":88,"column":16}},{"start":{"line":90,"column":10},"end":{"line":124,"column":17}}],"line":75}},"s":{"0":6,"1":6,"2":6,"3":6,"4":6,"5":6,"6":6,"7":6,"8":6,"9":0,"10":1,"11":1,"12":1,"13":1,"14":0,"15":0,"16":8,"17":8,"18":8,"19":0,"20":0,"21":0,"22":1,"23":1,"24":17,"25":1,"26":6,"27":6,"28":1,"29":0,"30":6},"f":{"0":6,"1":6,"2":2,"3":6,"4":0,"5":1,"6":0,"7":8,"8":0,"9":0,"10":0,"11":1,"12":17,"13":6,"14":6,"15":1,"16":0,"17":6},"b":{"0":[1,7]},"_coverageSchema":"43e27e138ebf9cfc5966b082cf9a028302ed4184","hash":"22174ffc70cd4048f0c89bf6c20af326e11b40e1"}
,"/Users/absaarhasan/Sites/proto/proto_TEMP/src/components/nav/index.tsx": {"path":"/Users/absaarhasan/Sites/proto/proto_TEMP/src/components/nav/index.tsx","statementMap":{"0":{"start":{"line":5,"column":26},"end":{"line":19,"column":1}},"1":{"start":{"line":6,"column":2},"end":{"line":18,"column":8}}},"fnMap":{"0":{"name":"(anonymous_0)","decl":{"start":{"line":5,"column":26},"end":{"line":5,"column":27}},"loc":{"start":{"line":6,"column":2},"end":{"line":18,"column":8}},"line":6}},"branchMap":{},"s":{"0":1,"1":1},"f":{"0":1},"b":{},"_coverageSchema":"43e27e138ebf9cfc5966b082cf9a028302ed4184","hash":"e58f9d1d72eaae784d023756ef4363e5a37d6350"}
,"/Users/absaarhasan/Sites/proto/proto_TEMP/src/components/nav/style.less": {"path":"/Users/absaarhasan/Sites/proto/proto_TEMP/src/components/nav/style.less","statementMap":{"0":{"start":{"line":4,"column":17},"end":{"line":4,"column":30}},"1":{"start":{"line":6,"column":4},"end":{"line":27,"column":5}},"2":{"start":{"line":7,"column":8},"end":{"line":9,"column":11}},"3":{"start":{"line":10,"column":8},"end":{"line":21,"column":11}},"4":{"start":{"line":12,"column":16},"end":{"line":14,"column":17}},"5":{"start":{"line":13,"column":20},"end":{"line":13,"column":34}},"6":{"start":{"line":15,"column":16},"end":{"line":15,"column":36}},"7":{"start":{"line":19,"column":16},"end":{"line":19,"column":30}},"8":{"start":{"line":23,"column":8},"end":{"line":25,"column":11}},"9":{"start":{"line":26,"column":8},"end":{"line":26,"column":31}}},"fnMap":{"0":{"name":"(anonymous_0)","decl":{"start":{"line":11,"column":12},"end":{"line":11,"column":13}},"loc":{"start":{"line":11,"column":30},"end":{"line":16,"column":13}},"line":11},"1":{"name":"(anonymous_1)","decl":{"start":{"line":18,"column":12},"end":{"line":18,"column":13}},"loc":{"start":{"line":18,"column":29},"end":{"line":20,"column":13}},"line":18}},"branchMap":{"0":{"loc":{"start":{"line":6,"column":4},"end":{"line":27,"column":5}},"type":"if","locations":[{"start":{"line":6,"column":4},"end":{"line":27,"column":5}},{"start":{"line":6,"column":4},"end":{"line":27,"column":5}}],"line":6},"1":{"loc":{"start":{"line":6,"column":8},"end":{"line":6,"column":44}},"type":"binary-expr","locations":[{"start":{"line":6,"column":8},"end":{"line":6,"column":34}},{"start":{"line":6,"column":38},"end":{"line":6,"column":44}}],"line":6},"2":{"loc":{"start":{"line":12,"column":16},"end":{"line":14,"column":17}},"type":"if","locations":[{"start":{"line":12,"column":16},"end":{"line":14,"column":17}},{"start":{"line":12,"column":16},"end":{"line":14,"column":17}}],"line":12}},"s":{"0":1,"1":1,"2":1,"3":1,"4":2,"5":1,"6":1,"7":0,"8":0,"9":0},"f":{"0":2,"1":0},"b":{"0":[1,0],"1":[1,1],"2":[1,1]},"_coverageSchema":"43e27e138ebf9cfc5966b082cf9a028302ed4184","hash":"f42a364ea51819f7c708ed2ccdeff5774587abbd"}
,"/Users/absaarhasan/Sites/proto/proto_TEMP/src/components/register/index.tsx": {"path":"/Users/absaarhasan/Sites/proto/proto_TEMP/src/components/register/index.tsx","statementMap":{"0":{"start":{"line":27,"column":4},"end":{"line":27,"column":17}},"1":{"start":{"line":29,"column":4},"end":{"line":34,"column":6}},"2":{"start":{"line":35,"column":4},"end":{"line":35,"column":53}},"3":{"start":{"line":36,"column":4},"end":{"line":36,"column":53}},"4":{"start":{"line":40,"column":29},"end":{"line":40,"column":39}},"5":{"start":{"line":41,"column":4},"end":{"line":41,"column":19}},"6":{"start":{"line":45,"column":36},"end":{"line":45,"column":46}},"7":{"start":{"line":46,"column":4},"end":{"line":48,"column":5}},"8":{"start":{"line":47,"column":6},"end":{"line":47,"column":20}},"9":{"start":{"line":52,"column":34},"end":{"line":52,"column":44}},"10":{"start":{"line":53,"column":4},"end":{"line":53,"column":24}},"11":{"start":{"line":57,"column":4},"end":{"line":57,"column":51}},"12":{"start":{"line":61,"column":27},"end":{"line":61,"column":37}},"13":{"start":{"line":64,"column":8},"end":{"line":64,"column":18}},"14":{"start":{"line":66,"column":21},"end":{"line":77,"column":5}},"15":{"start":{"line":79,"column":4},"end":{"line":79,"column":25}},"16":{"start":{"line":83,"column":23},"end":{"line":83,"column":33}},"17":{"start":{"line":86,"column":8},"end":{"line":86,"column":18}},"18":{"start":{"line":88,"column":4},"end":{"line":144,"column":6}},"19":{"start":{"line":98,"column":27},"end":{"line":98,"column":59}},"20":{"start":{"line":108,"column":27},"end":{"line":108,"column":56}},"21":{"start":{"line":119,"column":27},"end":{"line":119,"column":59}},"22":{"start":{"line":130,"column":27},"end":{"line":130,"column":66}},"23":{"start":{"line":138,"column":25},"end":{"line":138,"column":44}},"24":{"start":{"line":148,"column":24},"end":{"line":151,"column":2}},"25":{"start":{"line":148,"column":47},"end":{"line":151,"column":1}},"26":{"start":{"line":153,"column":27},"end":{"line":158,"column":2}},"27":{"start":{"line":153,"column":69},"end":{"line":158,"column":1}},"28":{"start":{"line":154,"column":27},"end":{"line":154,"column":62}},"29":{"start":{"line":155,"column":33},"end":{"line":155,"column":63}},"30":{"start":{"line":156,"column":22},"end":{"line":156,"column":52}},"31":{"start":{"line":157,"column":31},"end":{"line":157,"column":52}}},"fnMap":{"0":{"name":"(anonymous_0)","decl":{"start":{"line":26,"column":2},"end":{"line":26,"column":3}},"loc":{"start":{"line":26,"column":21},"end":{"line":37,"column":3}},"line":26},"1":{"name":"(anonymous_1)","decl":{"start":{"line":39,"column":2},"end":{"line":39,"column":3}},"loc":{"start":{"line":39,"column":22},"end":{"line":42,"column":3}},"line":39},"2":{"name":"(anonymous_2)","decl":{"start":{"line":44,"column":2},"end":{"line":44,"column":3}},"loc":{"start":{"line":44,"column":32},"end":{"line":49,"column":3}},"line":44},"3":{"name":"(anonymous_3)","decl":{"start":{"line":51,"column":2},"end":{"line":51,"column":3}},"loc":{"start":{"line":51,"column":25},"end":{"line":54,"column":3}},"line":51},"4":{"name":"(anonymous_4)","decl":{"start":{"line":56,"column":2},"end":{"line":56,"column":3}},"loc":{"start":{"line":56,"column":77},"end":{"line":58,"column":3}},"line":56},"5":{"name":"(anonymous_5)","decl":{"start":{"line":60,"column":2},"end":{"line":60,"column":3}},"loc":{"start":{"line":60,"column":17},"end":{"line":80,"column":3}},"line":60},"6":{"name":"(anonymous_6)","decl":{"start":{"line":82,"column":2},"end":{"line":82,"column":3}},"loc":{"start":{"line":82,"column":24},"end":{"line":145,"column":3}},"line":82},"7":{"name":"(anonymous_7)","decl":{"start":{"line":98,"column":20},"end":{"line":98,"column":21}},"loc":{"start":{"line":98,"column":27},"end":{"line":98,"column":59}},"line":98},"8":{"name":"(anonymous_8)","decl":{"start":{"line":108,"column":20},"end":{"line":108,"column":21}},"loc":{"start":{"line":108,"column":27},"end":{"line":108,"column":56}},"line":108},"9":{"name":"(anonymous_9)","decl":{"start":{"line":119,"column":20},"end":{"line":119,"column":21}},"loc":{"start":{"line":119,"column":27},"end":{"line":119,"column":59}},"line":119},"10":{"name":"(anonymous_10)","decl":{"start":{"line":130,"column":20},"end":{"line":130,"column":21}},"loc":{"start":{"line":130,"column":27},"end":{"line":130,"column":66}},"line":130},"11":{"name":"(anonymous_11)","decl":{"start":{"line":138,"column":19},"end":{"line":138,"column":20}},"loc":{"start":{"line":138,"column":25},"end":{"line":138,"column":44}},"line":138},"12":{"name":"(anonymous_12)","decl":{"start":{"line":148,"column":24},"end":{"line":148,"column":25}},"loc":{"start":{"line":148,"column":47},"end":{"line":151,"column":1}},"line":148},"13":{"name":"(anonymous_13)","decl":{"start":{"line":153,"column":27},"end":{"line":153,"column":28}},"loc":{"start":{"line":153,"column":69},"end":{"line":158,"column":1}},"line":153},"14":{"name":"(anonymous_14)","decl":{"start":{"line":154,"column":21},"end":{"line":154,"column":22}},"loc":{"start":{"line":154,"column":27},"end":{"line":154,"column":62}},"line":154},"15":{"name":"(anonymous_15)","decl":{"start":{"line":155,"column":14},"end":{"line":155,"column":15}},"loc":{"start":{"line":155,"column":33},"end":{"line":155,"column":63}},"line":155},"16":{"name":"(anonymous_16)","decl":{"start":{"line":156,"column":16},"end":{"line":156,"column":17}},"loc":{"start":{"line":156,"column":22},"end":{"line":156,"column":52}},"line":156},"17":{"name":"(anonymous_17)","decl":{"start":{"line":157,"column":12},"end":{"line":157,"column":13}},"loc":{"start":{"line":157,"column":31},"end":{"line":157,"column":52}},"line":157}},"branchMap":{"0":{"loc":{"start":{"line":46,"column":4},"end":{"line":48,"column":5}},"type":"if","locations":[{"start":{"line":46,"column":4},"end":{"line":48,"column":5}},{"start":{"line":46,"column":4},"end":{"line":48,"column":5}}],"line":46}},"s":{"0":4,"1":4,"2":4,"3":4,"4":4,"5":4,"6":6,"7":6,"8":0,"9":4,"10":4,"11":4,"12":1,"13":1,"14":1,"15":1,"16":10,"17":10,"18":10,"19":1,"20":1,"21":1,"22":1,"23":1,"24":1,"25":13,"26":1,"27":4,"28":4,"29":1,"30":4,"31":0},"f":{"0":4,"1":4,"2":6,"3":4,"4":4,"5":1,"6":10,"7":1,"8":1,"9":1,"10":1,"11":1,"12":13,"13":4,"14":4,"15":1,"16":4,"17":0},"b":{"0":[0,6]},"_coverageSchema":"43e27e138ebf9cfc5966b082cf9a028302ed4184","hash":"8e84b534ac8e6dd7587cf78866f6753f54ec7dea"}
,"/Users/absaarhasan/Sites/proto/proto_TEMP/src/components/verifyPassword/index.tsx": {"path":"/Users/absaarhasan/Sites/proto/proto_TEMP/src/components/verifyPassword/index.tsx","statementMap":{"0":{"start":{"line":27,"column":4},"end":{"line":27,"column":17}},"1":{"start":{"line":29,"column":4},"end":{"line":33,"column":6}},"2":{"start":{"line":34,"column":4},"end":{"line":34,"column":53}},"3":{"start":{"line":35,"column":4},"end":{"line":35,"column":75}},"4":{"start":{"line":39,"column":29},"end":{"line":39,"column":39}},"5":{"start":{"line":40,"column":4},"end":{"line":40,"column":19}},"6":{"start":{"line":44,"column":36},"end":{"line":44,"column":46}},"7":{"start":{"line":45,"column":4},"end":{"line":47,"column":5}},"8":{"start":{"line":46,"column":6},"end":{"line":46,"column":20}},"9":{"start":{"line":51,"column":34},"end":{"line":51,"column":44}},"10":{"start":{"line":52,"column":4},"end":{"line":52,"column":24}},"11":{"start":{"line":56,"column":4},"end":{"line":56,"column":51}},"12":{"start":{"line":60,"column":31},"end":{"line":60,"column":41}},"13":{"start":{"line":61,"column":38},"end":{"line":61,"column":48}},"14":{"start":{"line":63,"column":17},"end":{"line":67,"column":5}},"15":{"start":{"line":69,"column":4},"end":{"line":69,"column":25}},"16":{"start":{"line":73,"column":23},"end":{"line":73,"column":33}},"17":{"start":{"line":74,"column":38},"end":{"line":74,"column":48}},"18":{"start":{"line":76,"column":4},"end":{"line":122,"column":6}},"19":{"start":{"line":86,"column":29},"end":{"line":86,"column":58}},"20":{"start":{"line":96,"column":29},"end":{"line":96,"column":57}},"21":{"start":{"line":106,"column":29},"end":{"line":106,"column":61}},"22":{"start":{"line":114,"column":14},"end":{"line":114,"column":45}},"23":{"start":{"line":126,"column":24},"end":{"line":129,"column":2}},"24":{"start":{"line":126,"column":47},"end":{"line":129,"column":1}},"25":{"start":{"line":131,"column":27},"end":{"line":136,"column":2}},"26":{"start":{"line":131,"column":69},"end":{"line":136,"column":1}},"27":{"start":{"line":132,"column":27},"end":{"line":132,"column":62}},"28":{"start":{"line":133,"column":40},"end":{"line":133,"column":76}},"29":{"start":{"line":134,"column":22},"end":{"line":134,"column":52}},"30":{"start":{"line":135,"column":31},"end":{"line":135,"column":52}}},"fnMap":{"0":{"name":"(anonymous_0)","decl":{"start":{"line":26,"column":2},"end":{"line":26,"column":3}},"loc":{"start":{"line":26,"column":21},"end":{"line":36,"column":3}},"line":26},"1":{"name":"(anonymous_1)","decl":{"start":{"line":38,"column":2},"end":{"line":38,"column":3}},"loc":{"start":{"line":38,"column":22},"end":{"line":41,"column":3}},"line":38},"2":{"name":"(anonymous_2)","decl":{"start":{"line":43,"column":2},"end":{"line":43,"column":3}},"loc":{"start":{"line":43,"column":32},"end":{"line":48,"column":3}},"line":43},"3":{"name":"(anonymous_3)","decl":{"start":{"line":50,"column":2},"end":{"line":50,"column":3}},"loc":{"start":{"line":50,"column":25},"end":{"line":53,"column":3}},"line":50},"4":{"name":"(anonymous_4)","decl":{"start":{"line":55,"column":2},"end":{"line":55,"column":3}},"loc":{"start":{"line":55,"column":29},"end":{"line":57,"column":3}},"line":55},"5":{"name":"(anonymous_5)","decl":{"start":{"line":59,"column":2},"end":{"line":59,"column":3}},"loc":{"start":{"line":59,"column":28},"end":{"line":70,"column":3}},"line":59},"6":{"name":"(anonymous_6)","decl":{"start":{"line":72,"column":2},"end":{"line":72,"column":3}},"loc":{"start":{"line":72,"column":11},"end":{"line":123,"column":3}},"line":72},"7":{"name":"(anonymous_7)","decl":{"start":{"line":86,"column":22},"end":{"line":86,"column":23}},"loc":{"start":{"line":86,"column":29},"end":{"line":86,"column":58}},"line":86},"8":{"name":"(anonymous_8)","decl":{"start":{"line":96,"column":22},"end":{"line":96,"column":23}},"loc":{"start":{"line":96,"column":29},"end":{"line":96,"column":57}},"line":96},"9":{"name":"(anonymous_9)","decl":{"start":{"line":106,"column":22},"end":{"line":106,"column":23}},"loc":{"start":{"line":106,"column":29},"end":{"line":106,"column":61}},"line":106},"10":{"name":"(anonymous_10)","decl":{"start":{"line":113,"column":21},"end":{"line":113,"column":22}},"loc":{"start":{"line":113,"column":27},"end":{"line":115,"column":13}},"line":113},"11":{"name":"(anonymous_11)","decl":{"start":{"line":126,"column":24},"end":{"line":126,"column":25}},"loc":{"start":{"line":126,"column":47},"end":{"line":129,"column":1}},"line":126},"12":{"name":"(anonymous_12)","decl":{"start":{"line":131,"column":27},"end":{"line":131,"column":28}},"loc":{"start":{"line":131,"column":69},"end":{"line":136,"column":1}},"line":131},"13":{"name":"(anonymous_13)","decl":{"start":{"line":132,"column":21},"end":{"line":132,"column":22}},"loc":{"start":{"line":132,"column":27},"end":{"line":132,"column":62}},"line":132},"14":{"name":"(anonymous_14)","decl":{"start":{"line":133,"column":18},"end":{"line":133,"column":19}},"loc":{"start":{"line":133,"column":40},"end":{"line":133,"column":76}},"line":133},"15":{"name":"(anonymous_15)","decl":{"start":{"line":134,"column":16},"end":{"line":134,"column":17}},"loc":{"start":{"line":134,"column":22},"end":{"line":134,"column":52}},"line":134},"16":{"name":"(anonymous_16)","decl":{"start":{"line":135,"column":12},"end":{"line":135,"column":13}},"loc":{"start":{"line":135,"column":31},"end":{"line":135,"column":52}},"line":135}},"branchMap":{"0":{"loc":{"start":{"line":45,"column":4},"end":{"line":47,"column":5}},"type":"if","locations":[{"start":{"line":45,"column":4},"end":{"line":47,"column":5}},{"start":{"line":45,"column":4},"end":{"line":47,"column":5}}],"line":45}},"s":{"0":4,"1":4,"2":4,"3":4,"4":4,"5":4,"6":5,"7":5,"8":0,"9":4,"10":4,"11":3,"12":1,"13":1,"14":1,"15":1,"16":9,"17":9,"18":9,"19":1,"20":1,"21":1,"22":1,"23":1,"24":13,"25":1,"26":4,"27":4,"28":1,"29":4,"30":0},"f":{"0":4,"1":4,"2":5,"3":4,"4":3,"5":1,"6":9,"7":1,"8":1,"9":1,"10":1,"11":13,"12":4,"13":4,"14":1,"15":4,"16":0},"b":{"0":[0,5]},"_coverageSchema":"43e27e138ebf9cfc5966b082cf9a028302ed4184","hash":"c50e6571b460a0aff116b62f17784750c27f3bbf"}
,"/Users/absaarhasan/Sites/proto/proto_TEMP/src/constants/awsConfig.ts": {"path":"/Users/absaarhasan/Sites/proto/proto_TEMP/src/constants/awsConfig.ts","statementMap":{"0":{"start":{"line":7,"column":43},"end":{"line":13,"column":1}}},"fnMap":{},"branchMap":{},"s":{"0":10},"f":{},"b":{},"_coverageSchema":"43e27e138ebf9cfc5966b082cf9a028302ed4184","hash":"efe787fc173af3662d09f0097810e90f44d58f3c"}
,"/Users/absaarhasan/Sites/proto/proto_TEMP/src/constants/notice.ts": {"path":"/Users/absaarhasan/Sites/proto/proto_TEMP/src/constants/notice.ts","statementMap":{"0":{"start":{"line":1,"column":55},"end":{"line":13,"column":1}}},"fnMap":{},"branchMap":{},"s":{"0":10},"f":{},"b":{},"_coverageSchema":"43e27e138ebf9cfc5966b082cf9a028302ed4184","hash":"e39f273a6adb0da47ca7617b746af261c3a3b2d0"}
,"/Users/absaarhasan/Sites/proto/proto_TEMP/src/reducers/app.ts": {"path":"/Users/absaarhasan/Sites/proto/proto_TEMP/src/reducers/app.ts","statementMap":{"0":{"start":{"line":5,"column":31},"end":{"line":8,"column":1}},"1":{"start":{"line":10,"column":12},"end":{"line":25,"column":1}},"2":{"start":{"line":11,"column":2},"end":{"line":24,"column":3}},"3":{"start":{"line":13,"column":6},"end":{"line":16,"column":8}},"4":{"start":{"line":18,"column":6},"end":{"line":21,"column":8}},"5":{"start":{"line":23,"column":6},"end":{"line":23,"column":19}}},"fnMap":{"0":{"name":"(anonymous_0)","decl":{"start":{"line":10,"column":12},"end":{"line":10,"column":13}},"loc":{"start":{"line":10,"column":72},"end":{"line":25,"column":1}},"line":10}},"branchMap":{"0":{"loc":{"start":{"line":10,"column":13},"end":{"line":10,"column":33}},"type":"default-arg","locations":[{"start":{"line":10,"column":21},"end":{"line":10,"column":33}}],"line":10},"1":{"loc":{"start":{"line":11,"column":2},"end":{"line":24,"column":3}},"type":"switch","locations":[{"start":{"line":12,"column":4},"end":{"line":16,"column":8}},{"start":{"line":17,"column":4},"end":{"line":21,"column":8}},{"start":{"line":22,"column":4},"end":{"line":23,"column":19}}],"line":11}},"s":{"0":10,"1":10,"2":241,"3":45,"4":45,"5":151},"f":{"0":241},"b":{"0":[81],"1":[45,45,151]},"_coverageSchema":"43e27e138ebf9cfc5966b082cf9a028302ed4184","hash":"b52f441c31a863f0db928318c17062f11d0cfb4f"}
,"/Users/absaarhasan/Sites/proto/proto_TEMP/src/reducers/entities.ts": {"path":"/Users/absaarhasan/Sites/proto/proto_TEMP/src/reducers/entities.ts","statementMap":{"0":{"start":{"line":4,"column":36},"end":{"line":6,"column":1}},"1":{"start":{"line":8,"column":17},"end":{"line":18,"column":1}},"2":{"start":{"line":9,"column":2},"end":{"line":17,"column":3}},"3":{"start":{"line":11,"column":6},"end":{"line":14,"column":8}},"4":{"start":{"line":16,"column":6},"end":{"line":16,"column":19}}},"fnMap":{"0":{"name":"(anonymous_0)","decl":{"start":{"line":8,"column":17},"end":{"line":8,"column":18}},"loc":{"start":{"line":8,"column":66},"end":{"line":18,"column":1}},"line":8}},"branchMap":{"0":{"loc":{"start":{"line":8,"column":18},"end":{"line":8,"column":38}},"type":"default-arg","locations":[{"start":{"line":8,"column":26},"end":{"line":8,"column":38}}],"line":8},"1":{"loc":{"start":{"line":9,"column":2},"end":{"line":17,"column":3}},"type":"switch","locations":[{"start":{"line":10,"column":4},"end":{"line":14,"column":8}},{"start":{"line":15,"column":4},"end":{"line":16,"column":19}}],"line":9}},"s":{"0":10,"1":10,"2":238,"3":0,"4":238},"f":{"0":238},"b":{"0":[78],"1":[0,238]},"_coverageSchema":"43e27e138ebf9cfc5966b082cf9a028302ed4184","hash":"cf0523d6621e98f3f1617cb0d8a9de30976d05a4"}
,"/Users/absaarhasan/Sites/proto/proto_TEMP/src/reducers/index.ts": {"path":"/Users/absaarhasan/Sites/proto/proto_TEMP/src/reducers/index.ts","statementMap":{"0":{"start":{"line":9,"column":57},"end":{"line":15,"column":2}}},"fnMap":{"0":{"name":"(anonymous_0)","decl":{"start":{"line":9,"column":15},"end":{"line":9,"column":16}},"loc":{"start":{"line":9,"column":57},"end":{"line":15,"column":2}},"line":9}},"branchMap":{},"s":{"0":26},"f":{"0":26},"b":{},"_coverageSchema":"43e27e138ebf9cfc5966b082cf9a028302ed4184","hash":"d2f624d367f8447972f5243a122ec0a7da848163"}
,"/Users/absaarhasan/Sites/proto/proto_TEMP/src/reducers/notifications.ts": {"path":"/Users/absaarhasan/Sites/proto/proto_TEMP/src/reducers/notifications.ts","statementMap":{"0":{"start":{"line":5,"column":41},"end":{"line":9,"column":1}},"1":{"start":{"line":11,"column":22},"end":{"line":31,"column":1}},"2":{"start":{"line":12,"column":19},"end":{"line":12,"column":25}},"3":{"start":{"line":13,"column":2},"end":{"line":30,"column":3}},"4":{"start":{"line":15,"column":6},"end":{"line":20,"column":8}},"5":{"start":{"line":22,"column":6},"end":{"line":27,"column":8}},"6":{"start":{"line":29,"column":6},"end":{"line":29,"column":19}}},"fnMap":{"0":{"name":"(anonymous_0)","decl":{"start":{"line":11,"column":22},"end":{"line":11,"column":23}},"loc":{"start":{"line":11,"column":92},"end":{"line":31,"column":1}},"line":11}},"branchMap":{"0":{"loc":{"start":{"line":11,"column":23},"end":{"line":11,"column":43}},"type":"default-arg","locations":[{"start":{"line":11,"column":31},"end":{"line":11,"column":43}}],"line":11},"1":{"loc":{"start":{"line":13,"column":2},"end":{"line":30,"column":3}},"type":"switch","locations":[{"start":{"line":14,"column":4},"end":{"line":20,"column":8}},{"start":{"line":21,"column":4},"end":{"line":27,"column":8}},{"start":{"line":28,"column":4},"end":{"line":29,"column":19}}],"line":13}},"s":{"0":10,"1":10,"2":241,"3":241,"4":5,"5":21,"6":215},"f":{"0":241},"b":{"0":[78],"1":[5,21,215]},"_coverageSchema":"43e27e138ebf9cfc5966b082cf9a028302ed4184","hash":"d69c6fa78f5ad8431550371eba4996efca1969e3"}
,"/Users/absaarhasan/Sites/proto/proto_TEMP/src/reducers/session.ts": {"path":"/Users/absaarhasan/Sites/proto/proto_TEMP/src/reducers/session.ts","statementMap":{"0":{"start":{"line":4,"column":35},"end":{"line":9,"column":1}},"1":{"start":{"line":11,"column":16},"end":{"line":32,"column":1}},"2":{"start":{"line":12,"column":2},"end":{"line":31,"column":3}},"3":{"start":{"line":14,"column":6},"end":{"line":20,"column":8}},"4":{"start":{"line":22,"column":6},"end":{"line":28,"column":8}},"5":{"start":{"line":30,"column":6},"end":{"line":30,"column":19}}},"fnMap":{"0":{"name":"(anonymous_0)","decl":{"start":{"line":11,"column":16},"end":{"line":11,"column":17}},"loc":{"start":{"line":11,"column":64},"end":{"line":32,"column":1}},"line":11}},"branchMap":{"0":{"loc":{"start":{"line":11,"column":17},"end":{"line":11,"column":37}},"type":"default-arg","locations":[{"start":{"line":11,"column":25},"end":{"line":11,"column":37}}],"line":11},"1":{"loc":{"start":{"line":12,"column":2},"end":{"line":31,"column":3}},"type":"switch","locations":[{"start":{"line":13,"column":4},"end":{"line":20,"column":8}},{"start":{"line":21,"column":4},"end":{"line":28,"column":8}},{"start":{"line":29,"column":4},"end":{"line":30,"column":19}}],"line":12}},"s":{"0":10,"1":10,"2":240,"3":1,"4":0,"5":239},"f":{"0":240},"b":{"0":[79],"1":[1,0,239]},"_coverageSchema":"43e27e138ebf9cfc5966b082cf9a028302ed4184","hash":"33dafd5a52da7beb8683ccf7157785611535c7e0"}
,"/Users/absaarhasan/Sites/proto/proto_TEMP/src/sagas/index.ts": {"path":"/Users/absaarhasan/Sites/proto/proto_TEMP/src/sagas/index.ts","statementMap":{"0":{"start":{"line":15,"column":2},"end":{"line":29,"column":3}},"1":{"start":{"line":16,"column":4},"end":{"line":16,"column":34}},"2":{"start":{"line":17,"column":4},"end":{"line":17,"column":37}},"3":{"start":{"line":18,"column":4},"end":{"line":18,"column":49}},"4":{"start":{"line":19,"column":4},"end":{"line":19,"column":30}},"5":{"start":{"line":20,"column":4},"end":{"line":20,"column":35}},"6":{"start":{"line":21,"column":4},"end":{"line":21,"column":38}},"7":{"start":{"line":22,"column":23},"end":{"line":22,"column":70}},"8":{"start":{"line":23,"column":4},"end":{"line":23,"column":49}},"9":{"start":{"line":25,"column":23},"end":{"line":25,"column":67}},"10":{"start":{"line":26,"column":4},"end":{"line":26,"column":49}},"11":{"start":{"line":27,"column":4},"end":{"line":27,"column":38}},"12":{"start":{"line":28,"column":4},"end":{"line":28,"column":35}},"13":{"start":{"line":35,"column":2},"end":{"line":49,"column":3}},"14":{"start":{"line":36,"column":4},"end":{"line":36,"column":34}},"15":{"start":{"line":37,"column":4},"end":{"line":37,"column":37}},"16":{"start":{"line":38,"column":4},"end":{"line":38,"column":49}},"17":{"start":{"line":39,"column":4},"end":{"line":39,"column":31}},"18":{"start":{"line":40,"column":4},"end":{"line":40,"column":35}},"19":{"start":{"line":41,"column":4},"end":{"line":41,"column":38}},"20":{"start":{"line":42,"column":23},"end":{"line":42,"column":70}},"21":{"start":{"line":43,"column":4},"end":{"line":43,"column":49}},"22":{"start":{"line":45,"column":23},"end":{"line":45,"column":67}},"23":{"start":{"line":46,"column":4},"end":{"line":46,"column":49}},"24":{"start":{"line":47,"column":4},"end":{"line":47,"column":38}},"25":{"start":{"line":48,"column":4},"end":{"line":48,"column":35}},"26":{"start":{"line":53,"column":2},"end":{"line":65,"column":3}},"27":{"start":{"line":54,"column":4},"end":{"line":54,"column":34}},"28":{"start":{"line":55,"column":4},"end":{"line":55,"column":25}},"29":{"start":{"line":56,"column":4},"end":{"line":56,"column":40}},"30":{"start":{"line":57,"column":4},"end":{"line":57,"column":25}},"31":{"start":{"line":58,"column":4},"end":{"line":58,"column":35}},"32":{"start":{"line":59,"column":23},"end":{"line":59,"column":70}},"33":{"start":{"line":60,"column":4},"end":{"line":60,"column":49}},"34":{"start":{"line":62,"column":4},"end":{"line":62,"column":35}},"35":{"start":{"line":63,"column":23},"end":{"line":63,"column":67}},"36":{"start":{"line":64,"column":4},"end":{"line":64,"column":49}},"37":{"start":{"line":69,"column":2},"end":{"line":83,"column":3}},"38":{"start":{"line":70,"column":4},"end":{"line":70,"column":34}},"39":{"start":{"line":71,"column":4},"end":{"line":71,"column":37}},"40":{"start":{"line":72,"column":26},"end":{"line":72,"column":62}},"41":{"start":{"line":73,"column":4},"end":{"line":75,"column":5}},"42":{"start":{"line":74,"column":6},"end":{"line":74,"column":53}},"43":{"start":{"line":76,"column":4},"end":{"line":76,"column":35}},"44":{"start":{"line":77,"column":4},"end":{"line":77,"column":38}},"45":{"start":{"line":79,"column":4},"end":{"line":79,"column":35}},"46":{"start":{"line":80,"column":4},"end":{"line":80,"column":38}},"47":{"start":{"line":81,"column":23},"end":{"line":81,"column":52}},"48":{"start":{"line":82,"column":4},"end":{"line":82,"column":49}},"49":{"start":{"line":89,"column":2},"end":{"line":104,"column":3}},"50":{"start":{"line":90,"column":4},"end":{"line":90,"column":34}},"51":{"start":{"line":91,"column":4},"end":{"line":91,"column":37}},"52":{"start":{"line":92,"column":21},"end":{"line":92,"column":56}},"53":{"start":{"line":93,"column":4},"end":{"line":93,"column":36}},"54":{"start":{"line":94,"column":4},"end":{"line":94,"column":25}},"55":{"start":{"line":95,"column":4},"end":{"line":95,"column":35}},"56":{"start":{"line":96,"column":4},"end":{"line":96,"column":38}},"57":{"start":{"line":97,"column":23},"end":{"line":97,"column":69}},"58":{"start":{"line":98,"column":4},"end":{"line":98,"column":49}},"59":{"start":{"line":100,"column":23},"end":{"line":100,"column":60}},"60":{"start":{"line":101,"column":4},"end":{"line":101,"column":49}},"61":{"start":{"line":102,"column":4},"end":{"line":102,"column":38}},"62":{"start":{"line":103,"column":4},"end":{"line":103,"column":35}},"63":{"start":{"line":111,"column":2},"end":{"line":125,"column":3}},"64":{"start":{"line":112,"column":4},"end":{"line":112,"column":37}},"65":{"start":{"line":113,"column":4},"end":{"line":113,"column":34}},"66":{"start":{"line":114,"column":21},"end":{"line":114,"column":59}},"67":{"start":{"line":115,"column":4},"end":{"line":115,"column":30}},"68":{"start":{"line":116,"column":4},"end":{"line":116,"column":35}},"69":{"start":{"line":117,"column":4},"end":{"line":117,"column":38}},"70":{"start":{"line":118,"column":23},"end":{"line":118,"column":69}},"71":{"start":{"line":119,"column":4},"end":{"line":119,"column":49}},"72":{"start":{"line":121,"column":23},"end":{"line":121,"column":67}},"73":{"start":{"line":122,"column":4},"end":{"line":122,"column":49}},"74":{"start":{"line":123,"column":4},"end":{"line":123,"column":38}},"75":{"start":{"line":124,"column":4},"end":{"line":124,"column":35}},"76":{"start":{"line":129,"column":2},"end":{"line":129,"column":71}},"77":{"start":{"line":130,"column":2},"end":{"line":130,"column":65}},"78":{"start":{"line":131,"column":2},"end":{"line":131,"column":67}},"79":{"start":{"line":132,"column":2},"end":{"line":135,"column":4}},"80":{"start":{"line":136,"column":2},"end":{"line":139,"column":4}},"81":{"start":{"line":140,"column":2},"end":{"line":140,"column":80}}},"fnMap":{"0":{"name":"sessionVerifyPasswordActionWorker","decl":{"start":{"line":12,"column":10},"end":{"line":12,"column":43}},"loc":{"start":{"line":14,"column":51},"end":{"line":30,"column":1}},"line":14},"1":{"name":"sessionForgotPasswordActionWorker","decl":{"start":{"line":32,"column":10},"end":{"line":32,"column":43}},"loc":{"start":{"line":34,"column":51},"end":{"line":50,"column":1}},"line":34},"2":{"name":"sessionLogoutActionWorker","decl":{"start":{"line":52,"column":10},"end":{"line":52,"column":35}},"loc":{"start":{"line":52,"column":52},"end":{"line":66,"column":1}},"line":52},"3":{"name":"sessionIsAuthorisedActionWorker","decl":{"start":{"line":68,"column":10},"end":{"line":68,"column":41}},"loc":{"start":{"line":68,"column":58},"end":{"line":84,"column":1}},"line":68},"4":{"name":"sessionLoginActionWorker","decl":{"start":{"line":86,"column":10},"end":{"line":86,"column":34}},"loc":{"start":{"line":88,"column":42},"end":{"line":105,"column":1}},"line":88},"5":{"name":"sessionRegisterActionWorker","decl":{"start":{"line":108,"column":10},"end":{"line":108,"column":37}},"loc":{"start":{"line":110,"column":45},"end":{"line":126,"column":1}},"line":110},"6":{"name":"watcherSaga","decl":{"start":{"line":128,"column":25},"end":{"line":128,"column":36}},"loc":{"start":{"line":128,"column":53},"end":{"line":141,"column":1}},"line":128}},"branchMap":{"0":{"loc":{"start":{"line":73,"column":4},"end":{"line":75,"column":5}},"type":"if","locations":[{"start":{"line":73,"column":4},"end":{"line":75,"column":5}},{"start":{"line":73,"column":4},"end":{"line":75,"column":5}}],"line":73}},"s":{"0":1,"1":1,"2":1,"3":1,"4":0,"5":0,"6":0,"7":0,"8":0,"9":1,"10":1,"11":1,"12":1,"13":1,"14":1,"15":1,"16":1,"17":0,"18":0,"19":0,"20":0,"21":0,"22":1,"23":1,"24":1,"25":1,"26":0,"27":0,"28":0,"29":0,"30":0,"31":0,"32":0,"33":0,"34":0,"35":0,"36":0,"37":18,"38":18,"39":18,"40":18,"41":18,"42":0,"43":18,"44":18,"45":0,"46":0,"47":0,"48":0,"49":1,"50":1,"51":1,"52":1,"53":0,"54":0,"55":0,"56":0,"57":0,"58":0,"59":1,"60":1,"61":1,"62":1,"63":1,"64":1,"65":1,"66":1,"67":0,"68":0,"69":0,"70":0,"71":0,"72":1,"73":1,"74":1,"75":1,"76":26,"77":26,"78":26,"79":26,"80":26,"81":26},"f":{"0":1,"1":1,"2":0,"3":18,"4":1,"5":1,"6":26},"b":{"0":[0,18]},"_coverageSchema":"43e27e138ebf9cfc5966b082cf9a028302ed4184","hash":"d8a0b82ba3252c324e6f8525f33788557e727ea2"}
,"/Users/absaarhasan/Sites/proto/proto_TEMP/src/selectors/index.ts": {"path":"/Users/absaarhasan/Sites/proto/proto_TEMP/src/selectors/index.ts","statementMap":{"0":{"start":{"line":4,"column":33},"end":{"line":4,"column":74}},"1":{"start":{"line":4,"column":55},"end":{"line":4,"column":74}},"2":{"start":{"line":5,"column":30},"end":{"line":5,"column":68}},"3":{"start":{"line":5,"column":52},"end":{"line":5,"column":68}},"4":{"start":{"line":6,"column":36},"end":{"line":6,"column":77}},"5":{"start":{"line":6,"column":58},"end":{"line":6,"column":77}},"6":{"start":{"line":7,"column":31},"end":{"line":7,"column":66}},"7":{"start":{"line":7,"column":53},"end":{"line":7,"column":66}},"8":{"start":{"line":9,"column":33},"end":{"line":12,"column":1}},"9":{"start":{"line":11,"column":15},"end":{"line":11,"column":28}}},"fnMap":{"0":{"name":"(anonymous_0)","decl":{"start":{"line":4,"column":33},"end":{"line":4,"column":34}},"loc":{"start":{"line":4,"column":55},"end":{"line":4,"column":74}},"line":4},"1":{"name":"(anonymous_1)","decl":{"start":{"line":5,"column":30},"end":{"line":5,"column":31}},"loc":{"start":{"line":5,"column":52},"end":{"line":5,"column":68}},"line":5},"2":{"name":"(anonymous_2)","decl":{"start":{"line":6,"column":36},"end":{"line":6,"column":37}},"loc":{"start":{"line":6,"column":58},"end":{"line":6,"column":77}},"line":6},"3":{"name":"(anonymous_3)","decl":{"start":{"line":7,"column":31},"end":{"line":7,"column":32}},"loc":{"start":{"line":7,"column":53},"end":{"line":7,"column":66}},"line":7},"4":{"name":"(anonymous_4)","decl":{"start":{"line":11,"column":2},"end":{"line":11,"column":3}},"loc":{"start":{"line":11,"column":15},"end":{"line":11,"column":28}},"line":11}},"branchMap":{},"s":{"0":7,"1":1,"2":7,"3":54,"4":7,"5":8,"6":7,"7":56,"8":7,"9":6},"f":{"0":1,"1":54,"2":8,"3":56,"4":6},"b":{},"_coverageSchema":"43e27e138ebf9cfc5966b082cf9a028302ed4184","hash":"06891370b19f4f6f1c04ecd96eead04a5560c9ac"}
,"/Users/absaarhasan/Sites/proto/proto_TEMP/src/store/index.ts": {"path":"/Users/absaarhasan/Sites/proto/proto_TEMP/src/store/index.ts","statementMap":{"0":{"start":{"line":9,"column":18},"end":{"line":27,"column":1}},"1":{"start":{"line":10,"column":32},"end":{"line":10,"column":57}},"2":{"start":{"line":12,"column":25},"end":{"line":12,"column":47}},"3":{"start":{"line":14,"column":21},"end":{"line":14,"column":60}},"4":{"start":{"line":16,"column":16},"end":{"line":22,"column":3}},"5":{"start":{"line":24,"column":2},"end":{"line":24,"column":28}},"6":{"start":{"line":26,"column":2},"end":{"line":26,"column":15}}},"fnMap":{"0":{"name":"(anonymous_0)","decl":{"start":{"line":9,"column":18},"end":{"line":9,"column":19}},"loc":{"start":{"line":9,"column":72},"end":{"line":27,"column":1}},"line":9}},"branchMap":{},"s":{"0":10,"1":26,"2":26,"3":26,"4":26,"5":26,"6":26},"f":{"0":26},"b":{},"_coverageSchema":"43e27e138ebf9cfc5966b082cf9a028302ed4184","hash":"d41934d9fc16ddd1247ea114e6961cc61030da31"}
,"/Users/absaarhasan/Sites/proto/proto_TEMP/src/stubs/actions.ts": {"path":"/Users/absaarhasan/Sites/proto/proto_TEMP/src/stubs/actions.ts","statementMap":{"0":{"start":{"line":3,"column":20},"end":{"line":74,"column":1}}},"fnMap":{},"branchMap":{},"s":{"0":2},"f":{},"b":{},"_coverageSchema":"43e27e138ebf9cfc5966b082cf9a028302ed4184","hash":"7e1b0572272dcde4a287e69c9c353252e4c6a058"}
,"/Users/absaarhasan/Sites/proto/proto_TEMP/src/utils/auth.ts": {"path":"/Users/absaarhasan/Sites/proto/proto_TEMP/src/utils/auth.ts","statementMap":{"0":{"start":{"line":7,"column":17},"end":{"line":10,"column":1}},"1":{"start":{"line":12,"column":17},"end":{"line":12,"column":68}},"2":{"start":{"line":16,"column":37},"end":{"line":37,"column":1}},"3":{"start":{"line":17,"column":36},"end":{"line":17,"column":40}},"4":{"start":{"line":18,"column":19},"end":{"line":21,"column":3}},"5":{"start":{"line":23,"column":22},"end":{"line":23,"column":69}},"6":{"start":{"line":25,"column":2},"end":{"line":36,"column":5}},"7":{"start":{"line":26,"column":4},"end":{"line":33,"column":7}},"8":{"start":{"line":28,"column":8},"end":{"line":28,"column":18}},"9":{"start":{"line":31,"column":8},"end":{"line":31,"column":20}},"10":{"start":{"line":35,"column":4},"end":{"line":35,"column":56}},"11":{"start":{"line":39,"column":37},"end":{"line":59,"column":1}},"12":{"start":{"line":40,"column":19},"end":{"line":43,"column":3}},"13":{"start":{"line":45,"column":22},"end":{"line":45,"column":69}},"14":{"start":{"line":47,"column":2},"end":{"line":58,"column":5}},"15":{"start":{"line":48,"column":4},"end":{"line":55,"column":7}},"16":{"start":{"line":50,"column":8},"end":{"line":50,"column":24}},"17":{"start":{"line":53,"column":8},"end":{"line":53,"column":20}},"18":{"start":{"line":57,"column":4},"end":{"line":57,"column":56}},"19":{"start":{"line":61,"column":29},"end":{"line":66,"column":1}},"20":{"start":{"line":62,"column":22},"end":{"line":62,"column":47}},"21":{"start":{"line":63,"column":2},"end":{"line":65,"column":3}},"22":{"start":{"line":64,"column":4},"end":{"line":64,"column":26}},"23":{"start":{"line":68,"column":35},"end":{"line":92,"column":1}},"24":{"start":{"line":69,"column":22},"end":{"line":69,"column":47}},"25":{"start":{"line":70,"column":2},"end":{"line":90,"column":3}},"26":{"start":{"line":71,"column":4},"end":{"line":89,"column":7}},"27":{"start":{"line":72,"column":6},"end":{"line":86,"column":9}},"28":{"start":{"line":73,"column":8},"end":{"line":75,"column":9}},"29":{"start":{"line":74,"column":10},"end":{"line":74,"column":22}},"30":{"start":{"line":76,"column":8},"end":{"line":85,"column":11}},"31":{"start":{"line":77,"column":10},"end":{"line":79,"column":11}},"32":{"start":{"line":78,"column":12},"end":{"line":78,"column":24}},"33":{"start":{"line":80,"column":27},"end":{"line":80,"column":29}},"34":{"start":{"line":81,"column":10},"end":{"line":83,"column":13}},"35":{"start":{"line":82,"column":12},"end":{"line":82,"column":59}},"36":{"start":{"line":84,"column":10},"end":{"line":84,"column":28}},"37":{"start":{"line":88,"column":6},"end":{"line":88,"column":58}},"38":{"start":{"line":91,"column":2},"end":{"line":91,"column":14}},"39":{"start":{"line":94,"column":28},"end":{"line":117,"column":1}},"40":{"start":{"line":95,"column":32},"end":{"line":97,"column":3}},"41":{"start":{"line":98,"column":19},"end":{"line":101,"column":3}},"42":{"start":{"line":102,"column":22},"end":{"line":102,"column":69}},"43":{"start":{"line":104,"column":2},"end":{"line":116,"column":5}},"44":{"start":{"line":105,"column":4},"end":{"line":113,"column":7}},"45":{"start":{"line":107,"column":28},"end":{"line":107,"column":65}},"46":{"start":{"line":108,"column":8},"end":{"line":108,"column":29}},"47":{"start":{"line":111,"column":8},"end":{"line":111,"column":20}},"48":{"start":{"line":115,"column":4},"end":{"line":115,"column":56}},"49":{"start":{"line":119,"column":31},"end":{"line":136,"column":1}},"50":{"start":{"line":122,"column":6},"end":{"line":122,"column":10}},"51":{"start":{"line":123,"column":20},"end":{"line":123,"column":76}},"52":{"start":{"line":124,"column":23},"end":{"line":126,"column":3}},"53":{"start":{"line":127,"column":24},"end":{"line":127,"column":49}},"54":{"start":{"line":129,"column":2},"end":{"line":135,"column":5}},"55":{"start":{"line":130,"column":4},"end":{"line":132,"column":7}},"56":{"start":{"line":131,"column":6},"end":{"line":131,"column":45}},"57":{"start":{"line":134,"column":4},"end":{"line":134,"column":56}}},"fnMap":{"0":{"name":"(anonymous_0)","decl":{"start":{"line":16,"column":37},"end":{"line":16,"column":38}},"loc":{"start":{"line":16,"column":59},"end":{"line":37,"column":1}},"line":16},"1":{"name":"(anonymous_1)","decl":{"start":{"line":25,"column":21},"end":{"line":25,"column":22}},"loc":{"start":{"line":25,"column":42},"end":{"line":34,"column":3}},"line":25},"2":{"name":"(anonymous_2)","decl":{"start":{"line":27,"column":17},"end":{"line":27,"column":18}},"loc":{"start":{"line":27,"column":23},"end":{"line":29,"column":7}},"line":27},"3":{"name":"(anonymous_3)","decl":{"start":{"line":30,"column":17},"end":{"line":30,"column":18}},"loc":{"start":{"line":30,"column":26},"end":{"line":32,"column":7}},"line":30},"4":{"name":"(anonymous_4)","decl":{"start":{"line":34,"column":11},"end":{"line":34,"column":12}},"loc":{"start":{"line":34,"column":20},"end":{"line":36,"column":3}},"line":34},"5":{"name":"(anonymous_5)","decl":{"start":{"line":39,"column":37},"end":{"line":39,"column":38}},"loc":{"start":{"line":39,"column":64},"end":{"line":59,"column":1}},"line":39},"6":{"name":"(anonymous_6)","decl":{"start":{"line":47,"column":21},"end":{"line":47,"column":22}},"loc":{"start":{"line":47,"column":42},"end":{"line":56,"column":3}},"line":47},"7":{"name":"(anonymous_7)","decl":{"start":{"line":49,"column":17},"end":{"line":49,"column":18}},"loc":{"start":{"line":49,"column":29},"end":{"line":51,"column":7}},"line":49},"8":{"name":"(anonymous_8)","decl":{"start":{"line":52,"column":17},"end":{"line":52,"column":18}},"loc":{"start":{"line":52,"column":26},"end":{"line":54,"column":7}},"line":52},"9":{"name":"(anonymous_9)","decl":{"start":{"line":56,"column":11},"end":{"line":56,"column":12}},"loc":{"start":{"line":56,"column":20},"end":{"line":58,"column":3}},"line":56},"10":{"name":"(anonymous_10)","decl":{"start":{"line":61,"column":29},"end":{"line":61,"column":30}},"loc":{"start":{"line":61,"column":35},"end":{"line":66,"column":1}},"line":61},"11":{"name":"(anonymous_11)","decl":{"start":{"line":68,"column":35},"end":{"line":68,"column":36}},"loc":{"start":{"line":68,"column":41},"end":{"line":92,"column":1}},"line":68},"12":{"name":"(anonymous_12)","decl":{"start":{"line":71,"column":23},"end":{"line":71,"column":24}},"loc":{"start":{"line":71,"column":44},"end":{"line":87,"column":5}},"line":71},"13":{"name":"(anonymous_13)","decl":{"start":{"line":72,"column":29},"end":{"line":72,"column":30}},"loc":{"start":{"line":72,"column":47},"end":{"line":86,"column":7}},"line":72},"14":{"name":"(anonymous_14)","decl":{"start":{"line":76,"column":38},"end":{"line":76,"column":39}},"loc":{"start":{"line":76,"column":55},"end":{"line":85,"column":9}},"line":76},"15":{"name":"(anonymous_15)","decl":{"start":{"line":81,"column":25},"end":{"line":81,"column":26}},"loc":{"start":{"line":81,"column":37},"end":{"line":83,"column":11}},"line":81},"16":{"name":"(anonymous_16)","decl":{"start":{"line":87,"column":13},"end":{"line":87,"column":14}},"loc":{"start":{"line":87,"column":22},"end":{"line":89,"column":5}},"line":87},"17":{"name":"(anonymous_17)","decl":{"start":{"line":94,"column":28},"end":{"line":94,"column":29}},"loc":{"start":{"line":94,"column":49},"end":{"line":117,"column":1}},"line":94},"18":{"name":"(anonymous_18)","decl":{"start":{"line":104,"column":21},"end":{"line":104,"column":22}},"loc":{"start":{"line":104,"column":42},"end":{"line":114,"column":3}},"line":104},"19":{"name":"(anonymous_19)","decl":{"start":{"line":106,"column":17},"end":{"line":106,"column":18}},"loc":{"start":{"line":106,"column":29},"end":{"line":109,"column":7}},"line":106},"20":{"name":"(anonymous_20)","decl":{"start":{"line":110,"column":17},"end":{"line":110,"column":18}},"loc":{"start":{"line":110,"column":26},"end":{"line":112,"column":7}},"line":110},"21":{"name":"(anonymous_21)","decl":{"start":{"line":114,"column":11},"end":{"line":114,"column":12}},"loc":{"start":{"line":114,"column":20},"end":{"line":116,"column":3}},"line":114},"22":{"name":"(anonymous_22)","decl":{"start":{"line":119,"column":31},"end":{"line":119,"column":32}},"loc":{"start":{"line":119,"column":50},"end":{"line":136,"column":1}},"line":119},"23":{"name":"(anonymous_23)","decl":{"start":{"line":129,"column":21},"end":{"line":129,"column":22}},"loc":{"start":{"line":129,"column":42},"end":{"line":133,"column":3}},"line":129},"24":{"name":"(anonymous_24)","decl":{"start":{"line":130,"column":58},"end":{"line":130,"column":59}},"loc":{"start":{"line":130,"column":75},"end":{"line":132,"column":5}},"line":130},"25":{"name":"(anonymous_25)","decl":{"start":{"line":133,"column":11},"end":{"line":133,"column":12}},"loc":{"start":{"line":133,"column":20},"end":{"line":135,"column":3}},"line":133}},"branchMap":{"0":{"loc":{"start":{"line":35,"column":20},"end":{"line":35,"column":54}},"type":"binary-expr","locations":[{"start":{"line":35,"column":20},"end":{"line":35,"column":31}},{"start":{"line":35,"column":35},"end":{"line":35,"column":54}}],"line":35},"1":{"loc":{"start":{"line":57,"column":20},"end":{"line":57,"column":54}},"type":"binary-expr","locations":[{"start":{"line":57,"column":20},"end":{"line":57,"column":31}},{"start":{"line":57,"column":35},"end":{"line":57,"column":54}}],"line":57},"2":{"loc":{"start":{"line":63,"column":2},"end":{"line":65,"column":3}},"type":"if","locations":[{"start":{"line":63,"column":2},"end":{"line":65,"column":3}},{"start":{"line":63,"column":2},"end":{"line":65,"column":3}}],"line":63},"3":{"loc":{"start":{"line":70,"column":2},"end":{"line":90,"column":3}},"type":"if","locations":[{"start":{"line":70,"column":2},"end":{"line":90,"column":3}},{"start":{"line":70,"column":2},"end":{"line":90,"column":3}}],"line":70},"4":{"loc":{"start":{"line":73,"column":8},"end":{"line":75,"column":9}},"type":"if","locations":[{"start":{"line":73,"column":8},"end":{"line":75,"column":9}},{"start":{"line":73,"column":8},"end":{"line":75,"column":9}}],"line":73},"5":{"loc":{"start":{"line":77,"column":10},"end":{"line":79,"column":11}},"type":"if","locations":[{"start":{"line":77,"column":10},"end":{"line":79,"column":11}},{"start":{"line":77,"column":10},"end":{"line":79,"column":11}}],"line":77},"6":{"loc":{"start":{"line":88,"column":22},"end":{"line":88,"column":56}},"type":"binary-expr","locations":[{"start":{"line":88,"column":22},"end":{"line":88,"column":33}},{"start":{"line":88,"column":37},"end":{"line":88,"column":56}}],"line":88},"7":{"loc":{"start":{"line":115,"column":20},"end":{"line":115,"column":54}},"type":"binary-expr","locations":[{"start":{"line":115,"column":20},"end":{"line":115,"column":31}},{"start":{"line":115,"column":35},"end":{"line":115,"column":54}}],"line":115},"8":{"loc":{"start":{"line":131,"column":6},"end":{"line":131,"column":44}},"type":"cond-expr","locations":[{"start":{"line":131,"column":15},"end":{"line":131,"column":30}},{"start":{"line":131,"column":33},"end":{"line":131,"column":44}}],"line":131},"9":{"loc":{"start":{"line":134,"column":20},"end":{"line":134,"column":54}},"type":"binary-expr","locations":[{"start":{"line":134,"column":20},"end":{"line":134,"column":31}},{"start":{"line":134,"column":35},"end":{"line":134,"column":54}}],"line":134}},"s":{"0":10,"1":10,"2":10,"3":1,"4":1,"5":1,"6":1,"7":1,"8":0,"9":0,"10":1,"11":10,"12":1,"13":1,"14":1,"15":1,"16":0,"17":0,"18":1,"19":10,"20":0,"21":0,"22":0,"23":10,"24":18,"25":18,"26":0,"27":0,"28":0,"29":0,"30":0,"31":0,"32":0,"33":0,"34":0,"35":0,"36":0,"37":0,"38":18,"39":10,"40":1,"41":1,"42":1,"43":1,"44":1,"45":0,"46":0,"47":0,"48":1,"49":10,"50":1,"51":1,"52":1,"53":1,"54":1,"55":1,"56":0,"57":1},"f":{"0":1,"1":1,"2":0,"3":0,"4":1,"5":1,"6":1,"7":0,"8":0,"9":1,"10":0,"11":18,"12":0,"13":0,"14":0,"15":0,"16":0,"17":1,"18":1,"19":0,"20":0,"21":1,"22":1,"23":1,"24":0,"25":1},"b":{"0":[1,0],"1":[1,0],"2":[0,0],"3":[0,18],"4":[0,0],"5":[0,0],"6":[0,0],"7":[1,0],"8":[0,0],"9":[1,0]},"_coverageSchema":"43e27e138ebf9cfc5966b082cf9a028302ed4184","hash":"0ee3897dec077385b12f20238b923323cb300540"}
,"/Users/absaarhasan/Sites/proto/proto_TEMP/src/utils/index.ts": {"path":"/Users/absaarhasan/Sites/proto/proto_TEMP/src/utils/index.ts","statementMap":{"0":{"start":{"line":7,"column":29},"end":{"line":11,"column":2}},"1":{"start":{"line":7,"column":78},"end":{"line":11,"column":1}}},"fnMap":{"0":{"name":"(anonymous_0)","decl":{"start":{"line":7,"column":29},"end":{"line":7,"column":30}},"loc":{"start":{"line":7,"column":78},"end":{"line":11,"column":1}},"line":7}},"branchMap":{},"s":{"0":10,"1":4},"f":{"0":4},"b":{},"_coverageSchema":"43e27e138ebf9cfc5966b082cf9a028302ed4184","hash":"2f99d6025b54f8b2433be25c1760e4fd90c138ec"}
}
