TN:
SF:/Users/absaarhasan/Sites/proto/proto_TEMP/src/actions/app.ts
FN:10,(anonymous_0)
FN:15,(anonymous_1)
FN:20,(anonymous_2)
FN:25,(anonymous_3)
FNF:4
FNH:4
FNDA:45,(anonymous_0)
FNDA:45,(anonymous_1)
FNDA:5,(anonymous_2)
FNDA:21,(anonymous_3)
DA:10,45
DA:15,45
DA:20,10
DA:25,21
LF:4
LH:4
BRF:0
BRH:0
end_of_record
TN:
SF:/Users/absaarhasan/Sites/proto/proto_TEMP/src/actions/auth.ts
FN:16,(anonymous_0)
FN:21,(anonymous_1)
FN:25,(anonymous_2)
FN:30,(anonymous_3)
FN:35,(anonymous_4)
FN:40,(anonymous_5)
FN:44,(anonymous_6)
FN:49,(anonymous_7)
FNF:8
FNH:7
FNDA:2,(anonymous_0)
FNDA:1,(anonymous_1)
FNDA:2,(anonymous_2)
FNDA:2,(anonymous_3)
FNDA:2,(anonymous_4)
FNDA:19,(anonymous_5)
FNDA:1,(anonymous_6)
FNDA:0,(anonymous_7)
DA:16,10
DA:21,10
DA:25,10
DA:30,10
DA:35,10
DA:40,19
DA:44,10
DA:49,10
LF:8
LH:8
BRF:0
BRH:0
end_of_record
TN:
SF:/Users/absaarhasan/Sites/proto/proto_TEMP/src/actions/constants.ts
FNF:0
FNH:0
DA:1,10
DA:2,10
DA:3,10
DA:4,10
DA:5,10
DA:6,10
DA:7,10
DA:8,10
DA:9,10
DA:10,10
DA:11,10
DA:12,10
DA:13,10
LF:13
LH:13
BRF:0
BRH:0
end_of_record
TN:
SF:/Users/absaarhasan/Sites/proto/proto_TEMP/src/components/alert/index.tsx
FN:18,(anonymous_0)
FN:23,(anonymous_1)
FN:28,(anonymous_2)
FN:50,(anonymous_3)
FN:61,(anonymous_4)
FN:65,(anonymous_5)
FN:66,(anonymous_6)
FNF:7
FNH:7
FNDA:6,(anonymous_0)
FNDA:2,(anonymous_1)
FNDA:8,(anonymous_2)
FNDA:2,(anonymous_3)
FNDA:8,(anonymous_4)
FNDA:6,(anonymous_5)
FNDA:2,(anonymous_6)
DA:19,6
DA:20,6
DA:24,2
DA:25,2
DA:33,8
DA:36,8
DA:50,2
DA:61,8
DA:65,6
DA:66,2
LF:10
LH:10
BRF:0
BRH:0
end_of_record
TN:
SF:/Users/absaarhasan/Sites/proto/proto_TEMP/src/components/alert/style.less
FN:11,(anonymous_0)
FN:18,(anonymous_1)
FNF:2
FNH:1
FNDA:33,(anonymous_0)
FNDA:0,(anonymous_1)
DA:4,1
DA:6,1
DA:7,1
DA:10,1
DA:12,33
DA:13,32
DA:15,1
DA:19,0
DA:23,0
DA:26,0
LF:10
LH:7
BRDA:6,0,0,1
BRDA:6,0,1,0
BRDA:6,1,0,1
BRDA:6,1,1,1
BRDA:12,2,0,32
BRDA:12,2,1,1
BRF:6
BRH:5
end_of_record
TN:
SF:/Users/absaarhasan/Sites/proto/proto_TEMP/src/components/forgotPassword/index.tsx
FN:23,(anonymous_0)
FN:33,(anonymous_1)
FN:38,(anonymous_2)
FN:45,(anonymous_3)
FN:50,(anonymous_4)
FN:54,(anonymous_5)
FN:62,(anonymous_6)
FN:76,(anonymous_7)
FN:83,(anonymous_8)
FN:94,(anonymous_9)
FN:99,(anonymous_10)
FN:100,(anonymous_11)
FN:101,(anonymous_12)
FN:102,(anonymous_13)
FN:103,(anonymous_14)
FNF:15
FNH:12
FNDA:3,(anonymous_0)
FNDA:3,(anonymous_1)
FNDA:2,(anonymous_2)
FNDA:3,(anonymous_3)
FNDA:0,(anonymous_4)
FNDA:1,(anonymous_5)
FNDA:5,(anonymous_6)
FNDA:0,(anonymous_7)
FNDA:1,(anonymous_8)
FNDA:11,(anonymous_9)
FNDA:3,(anonymous_10)
FNDA:3,(anonymous_11)
FNDA:1,(anonymous_12)
FNDA:3,(anonymous_13)
FNDA:0,(anonymous_14)
DA:24,3
DA:26,3
DA:29,3
DA:30,3
DA:34,3
DA:35,3
DA:39,2
DA:40,2
DA:41,0
DA:46,3
DA:47,3
DA:51,0
DA:55,1
DA:56,1
DA:58,1
DA:59,1
DA:63,5
DA:64,5
DA:66,5
DA:76,0
DA:83,1
DA:94,11
DA:99,3
DA:100,3
DA:101,1
DA:102,3
DA:103,0
LF:27
LH:23
BRDA:40,0,0,0
BRDA:40,0,1,2
BRF:2
BRH:1
end_of_record
TN:
SF:/Users/absaarhasan/Sites/proto/proto_TEMP/src/components/home/index.tsx
FN:18,(anonymous_0)
FN:24,(anonymous_1)
FN:29,(anonymous_2)
FN:34,(anonymous_3)
FN:43,(anonymous_4)
FN:47,(anonymous_5)
FN:48,(anonymous_6)
FN:49,(anonymous_7)
FNF:8
FNH:8
FNDA:1,(anonymous_0)
FNDA:1,(anonymous_1)
FNDA:1,(anonymous_2)
FNDA:1,(anonymous_3)
FNDA:2,(anonymous_4)
FNDA:1,(anonymous_5)
FNDA:1,(anonymous_6)
FNDA:1,(anonymous_7)
DA:19,1
DA:21,1
DA:25,1
DA:26,1
DA:30,1
DA:31,1
DA:35,1
DA:43,2
DA:47,1
DA:48,1
DA:49,1
LF:11
LH:11
BRF:0
BRH:0
end_of_record
TN:
SF:/Users/absaarhasan/Sites/proto/proto_TEMP/src/components/loader/index.tsx
FN:18,(anonymous_0)
FN:33,(anonymous_1)
FN:37,(anonymous_2)
FNF:3
FNH:3
FNDA:1,(anonymous_0)
FNDA:1,(anonymous_1)
FNDA:1,(anonymous_2)
DA:19,1
DA:21,1
DA:33,1
DA:37,1
LF:4
LH:4
BRDA:19,0,0,0
BRF:1
BRH:0
end_of_record
TN:
SF:/Users/absaarhasan/Sites/proto/proto_TEMP/src/components/loader/style.less
FN:11,(anonymous_0)
FN:18,(anonymous_1)
FNF:2
FNH:1
FNDA:3,(anonymous_0)
FNDA:0,(anonymous_1)
DA:4,1
DA:6,1
DA:7,1
DA:10,1
DA:12,3
DA:13,2
DA:15,1
DA:19,0
DA:23,0
DA:26,0
LF:10
LH:7
BRDA:6,0,0,1
BRDA:6,0,1,0
BRDA:6,1,0,1
BRDA:6,1,1,1
BRDA:12,2,0,2
BRDA:12,2,1,1
BRF:6
BRH:5
end_of_record
TN:
SF:/Users/absaarhasan/Sites/proto/proto_TEMP/src/components/login/index.tsx
FN:24,(anonymous_0)
FN:36,(anonymous_1)
FN:41,(anonymous_2)
FN:43,(anonymous_3)
FN:48,(anonymous_4)
FN:52,(anonymous_5)
FN:64,(anonymous_6)
FN:69,(anonymous_7)
FN:81,(anonymous_8)
FN:98,(anonymous_9)
FN:108,(anonymous_10)
FN:115,(anonymous_11)
FN:131,(anonymous_12)
FN:136,(anonymous_13)
FN:137,(anonymous_14)
FN:138,(anonymous_15)
FN:139,(anonymous_16)
FN:140,(anonymous_17)
FNF:18
FNH:12
FNDA:6,(anonymous_0)
FNDA:6,(anonymous_1)
FNDA:2,(anonymous_2)
FNDA:6,(anonymous_3)
FNDA:0,(anonymous_4)
FNDA:1,(anonymous_5)
FNDA:0,(anonymous_6)
FNDA:8,(anonymous_7)
FNDA:0,(anonymous_8)
FNDA:0,(anonymous_9)
FNDA:0,(anonymous_10)
FNDA:1,(anonymous_11)
FNDA:17,(anonymous_12)
FNDA:6,(anonymous_13)
FNDA:6,(anonymous_14)
FNDA:1,(anonymous_15)
FNDA:0,(anonymous_16)
FNDA:6,(anonymous_17)
DA:25,6
DA:27,6
DA:31,6
DA:32,6
DA:33,6
DA:37,6
DA:38,6
DA:44,6
DA:45,6
DA:49,0
DA:53,1
DA:54,1
DA:56,1
DA:61,1
DA:65,0
DA:66,0
DA:70,8
DA:71,8
DA:73,8
DA:82,0
DA:98,0
DA:108,0
DA:115,1
DA:131,17
DA:136,6
DA:137,6
DA:138,1
DA:139,0
DA:140,6
LF:29
LH:22
BRDA:75,0,0,1
BRDA:75,0,1,7
BRF:2
BRH:2
end_of_record
TN:
SF:/Users/absaarhasan/Sites/proto/proto_TEMP/src/components/nav/index.tsx
FN:5,(anonymous_0)
FNF:1
FNH:1
FNDA:1,(anonymous_0)
DA:5,1
DA:6,1
LF:2
LH:2
BRF:0
BRH:0
end_of_record
TN:
SF:/Users/absaarhasan/Sites/proto/proto_TEMP/src/components/nav/style.less
FN:11,(anonymous_0)
FN:18,(anonymous_1)
FNF:2
FNH:1
FNDA:2,(anonymous_0)
FNDA:0,(anonymous_1)
DA:4,1
DA:6,1
DA:7,1
DA:10,1
DA:12,2
DA:13,1
DA:15,1
DA:19,0
DA:23,0
DA:26,0
LF:10
LH:7
BRDA:6,0,0,1
BRDA:6,0,1,0
BRDA:6,1,0,1
BRDA:6,1,1,1
BRDA:12,2,0,1
BRDA:12,2,1,1
BRF:6
BRH:5
end_of_record
TN:
SF:/Users/absaarhasan/Sites/proto/proto_TEMP/src/components/register/index.tsx
FN:26,(anonymous_0)
FN:39,(anonymous_1)
FN:44,(anonymous_2)
FN:51,(anonymous_3)
FN:56,(anonymous_4)
FN:60,(anonymous_5)
FN:82,(anonymous_6)
FN:98,(anonymous_7)
FN:108,(anonymous_8)
FN:119,(anonymous_9)
FN:130,(anonymous_10)
FN:138,(anonymous_11)
FN:148,(anonymous_12)
FN:153,(anonymous_13)
FN:154,(anonymous_14)
FN:155,(anonymous_15)
FN:156,(anonymous_16)
FN:157,(anonymous_17)
FNF:18
FNH:17
FNDA:4,(anonymous_0)
FNDA:4,(anonymous_1)
FNDA:6,(anonymous_2)
FNDA:4,(anonymous_3)
FNDA:4,(anonymous_4)
FNDA:1,(anonymous_5)
FNDA:10,(anonymous_6)
FNDA:1,(anonymous_7)
FNDA:1,(anonymous_8)
FNDA:1,(anonymous_9)
FNDA:1,(anonymous_10)
FNDA:1,(anonymous_11)
FNDA:13,(anonymous_12)
FNDA:4,(anonymous_13)
FNDA:4,(anonymous_14)
FNDA:1,(anonymous_15)
FNDA:4,(anonymous_16)
FNDA:0,(anonymous_17)
DA:27,4
DA:29,4
DA:35,4
DA:36,4
DA:40,4
DA:41,4
DA:45,6
DA:46,6
DA:47,0
DA:52,4
DA:53,4
DA:57,4
DA:61,1
DA:64,1
DA:66,1
DA:79,1
DA:83,10
DA:86,10
DA:88,10
DA:98,1
DA:108,1
DA:119,1
DA:130,1
DA:138,1
DA:148,13
DA:153,4
DA:154,4
DA:155,1
DA:156,4
DA:157,0
LF:30
LH:28
BRDA:46,0,0,0
BRDA:46,0,1,6
BRF:2
BRH:1
end_of_record
TN:
SF:/Users/absaarhasan/Sites/proto/proto_TEMP/src/components/verifyPassword/index.tsx
FN:26,(anonymous_0)
FN:38,(anonymous_1)
FN:43,(anonymous_2)
FN:50,(anonymous_3)
FN:55,(anonymous_4)
FN:59,(anonymous_5)
FN:72,(anonymous_6)
FN:86,(anonymous_7)
FN:96,(anonymous_8)
FN:106,(anonymous_9)
FN:113,(anonymous_10)
FN:126,(anonymous_11)
FN:131,(anonymous_12)
FN:132,(anonymous_13)
FN:133,(anonymous_14)
FN:134,(anonymous_15)
FN:135,(anonymous_16)
FNF:17
FNH:16
FNDA:4,(anonymous_0)
FNDA:4,(anonymous_1)
FNDA:5,(anonymous_2)
FNDA:4,(anonymous_3)
FNDA:3,(anonymous_4)
FNDA:1,(anonymous_5)
FNDA:9,(anonymous_6)
FNDA:1,(anonymous_7)
FNDA:1,(anonymous_8)
FNDA:1,(anonymous_9)
FNDA:1,(anonymous_10)
FNDA:13,(anonymous_11)
FNDA:4,(anonymous_12)
FNDA:4,(anonymous_13)
FNDA:1,(anonymous_14)
FNDA:4,(anonymous_15)
FNDA:0,(anonymous_16)
DA:27,4
DA:29,4
DA:34,4
DA:35,4
DA:39,4
DA:40,4
DA:44,5
DA:45,5
DA:46,0
DA:51,4
DA:52,4
DA:56,3
DA:60,1
DA:61,1
DA:63,1
DA:69,1
DA:73,9
DA:74,9
DA:76,9
DA:86,1
DA:96,1
DA:106,1
DA:114,1
DA:126,13
DA:131,4
DA:132,4
DA:133,1
DA:134,4
DA:135,0
LF:29
LH:27
BRDA:45,0,0,0
BRDA:45,0,1,5
BRF:2
BRH:1
end_of_record
TN:
SF:/Users/absaarhasan/Sites/proto/proto_TEMP/src/constants/awsConfig.ts
FNF:0
FNH:0
DA:7,10
LF:1
LH:1
BRF:0
BRH:0
end_of_record
TN:
SF:/Users/absaarhasan/Sites/proto/proto_TEMP/src/constants/notice.ts
FNF:0
FNH:0
DA:1,10
LF:1
LH:1
BRF:0
BRH:0
end_of_record
TN:
SF:/Users/absaarhasan/Sites/proto/proto_TEMP/src/reducers/app.ts
FN:10,(anonymous_0)
FNF:1
FNH:1
FNDA:241,(anonymous_0)
DA:5,10
DA:10,10
DA:11,241
DA:13,45
DA:18,45
DA:23,151
LF:6
LH:6
BRDA:10,0,0,81
BRDA:11,1,0,45
BRDA:11,1,1,45
BRDA:11,1,2,151
BRF:4
BRH:4
end_of_record
TN:
SF:/Users/absaarhasan/Sites/proto/proto_TEMP/src/reducers/entities.ts
FN:8,(anonymous_0)
FNF:1
FNH:1
FNDA:238,(anonymous_0)
DA:4,10
DA:8,10
DA:9,238
DA:11,0
DA:16,238
LF:5
LH:4
BRDA:8,0,0,78
BRDA:9,1,0,0
BRDA:9,1,1,238
BRF:3
BRH:2
end_of_record
TN:
SF:/Users/absaarhasan/Sites/proto/proto_TEMP/src/reducers/index.ts
FN:9,(anonymous_0)
FNF:1
FNH:1
FNDA:26,(anonymous_0)
DA:9,26
LF:1
LH:1
BRF:0
BRH:0
end_of_record
TN:
SF:/Users/absaarhasan/Sites/proto/proto_TEMP/src/reducers/notifications.ts
FN:11,(anonymous_0)
FNF:1
FNH:1
FNDA:241,(anonymous_0)
DA:5,10
DA:11,10
DA:12,241
DA:13,241
DA:15,5
DA:22,21
DA:29,215
LF:7
LH:7
BRDA:11,0,0,78
BRDA:13,1,0,5
BRDA:13,1,1,21
BRDA:13,1,2,215
BRF:4
BRH:4
end_of_record
TN:
SF:/Users/absaarhasan/Sites/proto/proto_TEMP/src/reducers/session.ts
FN:11,(anonymous_0)
FNF:1
FNH:1
FNDA:240,(anonymous_0)
DA:4,10
DA:11,10
DA:12,240
DA:14,1
DA:22,0
DA:30,239
LF:6
LH:5
BRDA:11,0,0,79
BRDA:12,1,0,1
BRDA:12,1,1,0
BRDA:12,1,2,239
BRF:4
BRH:3
end_of_record
TN:
SF:/Users/absaarhasan/Sites/proto/proto_TEMP/src/sagas/index.ts
FN:12,sessionVerifyPasswordActionWorker
FN:32,sessionForgotPasswordActionWorker
FN:52,sessionLogoutActionWorker
FN:68,sessionIsAuthorisedActionWorker
FN:86,sessionLoginActionWorker
FN:108,sessionRegisterActionWorker
FN:128,watcherSaga
FNF:7
FNH:6
FNDA:1,sessionVerifyPasswordActionWorker
FNDA:1,sessionForgotPasswordActionWorker
FNDA:0,sessionLogoutActionWorker
FNDA:18,sessionIsAuthorisedActionWorker
FNDA:1,sessionLoginActionWorker
FNDA:1,sessionRegisterActionWorker
FNDA:26,watcherSaga
DA:15,1
DA:16,1
DA:17,1
DA:18,1
DA:19,0
DA:20,0
DA:21,0
DA:22,0
DA:23,0
DA:25,1
DA:26,1
DA:27,1
DA:28,1
DA:35,1
DA:36,1
DA:37,1
DA:38,1
DA:39,0
DA:40,0
DA:41,0
DA:42,0
DA:43,0
DA:45,1
DA:46,1
DA:47,1
DA:48,1
DA:53,0
DA:54,0
DA:55,0
DA:56,0
DA:57,0
DA:58,0
DA:59,0
DA:60,0
DA:62,0
DA:63,0
DA:64,0
DA:69,18
DA:70,18
DA:71,18
DA:72,18
DA:73,18
DA:74,0
DA:76,18
DA:77,18
DA:79,0
DA:80,0
DA:81,0
DA:82,0
DA:89,1
DA:90,1
DA:91,1
DA:92,1
DA:93,0
DA:94,0
DA:95,0
DA:96,0
DA:97,0
DA:98,0
DA:100,1
DA:101,1
DA:102,1
DA:103,1
DA:111,1
DA:112,1
DA:113,1
DA:114,1
DA:115,0
DA:116,0
DA:117,0
DA:118,0
DA:119,0
DA:121,1
DA:122,1
DA:123,1
DA:124,1
DA:129,26
DA:130,26
DA:131,26
DA:132,26
DA:136,26
DA:140,26
LF:82
LH:45
BRDA:73,0,0,0
BRDA:73,0,1,18
BRF:2
BRH:1
end_of_record
TN:
SF:/Users/absaarhasan/Sites/proto/proto_TEMP/src/selectors/index.ts
FN:4,(anonymous_0)
FN:5,(anonymous_1)
FN:6,(anonymous_2)
FN:7,(anonymous_3)
FN:11,(anonymous_4)
FNF:5
FNH:5
FNDA:1,(anonymous_0)
FNDA:54,(anonymous_1)
FNDA:8,(anonymous_2)
FNDA:56,(anonymous_3)
FNDA:6,(anonymous_4)
DA:4,7
DA:5,54
DA:6,8
DA:7,56
DA:9,7
DA:11,6
LF:6
LH:6
BRF:0
BRH:0
end_of_record
TN:
SF:/Users/absaarhasan/Sites/proto/proto_TEMP/src/store/index.ts
FN:9,(anonymous_0)
FNF:1
FNH:1
FNDA:26,(anonymous_0)
DA:9,10
DA:10,26
DA:12,26
DA:14,26
DA:16,26
DA:24,26
DA:26,26
LF:7
LH:7
BRF:0
BRH:0
end_of_record
TN:
SF:/Users/absaarhasan/Sites/proto/proto_TEMP/src/stubs/actions.ts
FNF:0
FNH:0
DA:3,2
LF:1
LH:1
BRF:0
BRH:0
end_of_record
TN:
SF:/Users/absaarhasan/Sites/proto/proto_TEMP/src/utils/auth.ts
FN:16,(anonymous_0)
FN:25,(anonymous_1)
FN:27,(anonymous_2)
FN:30,(anonymous_3)
FN:34,(anonymous_4)
FN:39,(anonymous_5)
FN:47,(anonymous_6)
FN:49,(anonymous_7)
FN:52,(anonymous_8)
FN:56,(anonymous_9)
FN:61,(anonymous_10)
FN:68,(anonymous_11)
FN:71,(anonymous_12)
FN:72,(anonymous_13)
FN:76,(anonymous_14)
FN:81,(anonymous_15)
FN:87,(anonymous_16)
FN:94,(anonymous_17)
FN:104,(anonymous_18)
FN:106,(anonymous_19)
FN:110,(anonymous_20)
FN:114,(anonymous_21)
FN:119,(anonymous_22)
FN:129,(anonymous_23)
FN:130,(anonymous_24)
FN:133,(anonymous_25)
FNF:26
FNH:13
FNDA:1,(anonymous_0)
FNDA:1,(anonymous_1)
FNDA:0,(anonymous_2)
FNDA:0,(anonymous_3)
FNDA:1,(anonymous_4)
FNDA:1,(anonymous_5)
FNDA:1,(anonymous_6)
FNDA:0,(anonymous_7)
FNDA:0,(anonymous_8)
FNDA:1,(anonymous_9)
FNDA:0,(anonymous_10)
FNDA:18,(anonymous_11)
FNDA:0,(anonymous_12)
FNDA:0,(anonymous_13)
FNDA:0,(anonymous_14)
FNDA:0,(anonymous_15)
FNDA:0,(anonymous_16)
FNDA:1,(anonymous_17)
FNDA:1,(anonymous_18)
FNDA:0,(anonymous_19)
FNDA:0,(anonymous_20)
FNDA:1,(anonymous_21)
FNDA:1,(anonymous_22)
FNDA:1,(anonymous_23)
FNDA:0,(anonymous_24)
FNDA:1,(anonymous_25)
DA:7,10
DA:12,10
DA:16,10
DA:17,1
DA:18,1
DA:23,1
DA:25,1
DA:26,1
DA:28,0
DA:31,0
DA:35,1
DA:39,10
DA:40,1
DA:45,1
DA:47,1
DA:48,1
DA:50,0
DA:53,0
DA:57,1
DA:61,10
DA:62,0
DA:63,0
DA:64,0
DA:68,10
DA:69,18
DA:70,18
DA:71,0
DA:72,0
DA:73,0
DA:74,0
DA:76,0
DA:77,0
DA:78,0
DA:80,0
DA:81,0
DA:82,0
DA:84,0
DA:88,0
DA:91,18
DA:94,10
DA:95,1
DA:98,1
DA:102,1
DA:104,1
DA:105,1
DA:107,0
DA:108,0
DA:111,0
DA:115,1
DA:119,10
DA:122,1
DA:123,1
DA:124,1
DA:127,1
DA:129,1
DA:130,1
DA:131,0
DA:134,1
LF:58
LH:35
BRDA:35,0,0,1
BRDA:35,0,1,0
BRDA:57,1,0,1
BRDA:57,1,1,0
BRDA:63,2,0,0
BRDA:63,2,1,0
BRDA:70,3,0,0
BRDA:70,3,1,18
BRDA:73,4,0,0
BRDA:73,4,1,0
BRDA:77,5,0,0
BRDA:77,5,1,0
BRDA:88,6,0,0
BRDA:88,6,1,0
BRDA:115,7,0,1
BRDA:115,7,1,0
BRDA:131,8,0,0
BRDA:131,8,1,0
BRDA:134,9,0,1
BRDA:134,9,1,0
BRF:20
BRH:5
end_of_record
TN:
SF:/Users/absaarhasan/Sites/proto/proto_TEMP/src/utils/index.ts
FN:7,(anonymous_0)
FNF:1
FNH:1
FNDA:4,(anonymous_0)
DA:7,10
LF:1
LH:1
BRF:0
BRH:0
end_of_record
